#
# There is insufficient memory for the Java Runtime Environment to continue.
# Native memory allocation (malloc) failed to allocate 32744 bytes for ChunkPool::allocate
# Possible reasons:
#   The system is out of physical RAM or swap space
#   The process is running with CompressedOops enabled, and the Java Heap may be blocking the growth of the native heap
# Possible solutions:
#   Reduce memory load on the system
#   Increase physical memory or swap space
#   Check if swap backing store is full
#   Decrease Java heap size (-Xmx/-Xms)
#   Decrease number of Java threads
#   Decrease Java thread stack sizes (-Xss)
#   Set larger code cache with -XX:ReservedCodeCacheSize=
#   JVM is running with Zero Based Compressed Oops mode in which the Java heap is
#     placed in the first 32GB address space. The Java Heap base address is the
#     maximum limit for the native heap growth. Please use -XX:HeapBaseMinAddress
#     to set the Java Heap base and to place the Java Heap above 32GB virtual address.
# This output file may be truncated or incomplete.
#
#  Out of Memory Error (arena.cpp:78), pid=5756, tid=5032
#
# JRE version: OpenJDK Runtime Environment Corretto-17.0.5.8.1 (17.0.5+8) (build 17.0.5+8-LTS)
# Java VM: OpenJDK 64-Bit Server VM Corretto-17.0.5.8.1 (17.0.5+8-LTS, mixed mode, emulated-client, sharing, tiered, compressed oops, compressed class ptrs, g1 gc, windows-amd64)
# No core dump will be written. Minidumps are not enabled by default on client versions of Windows
#

---------------  S U M M A R Y ------------

Command Line: -XX:TieredStopAtLevel=1 -Dspring.output.ansi.enabled=always -Dcom.sun.management.jmxremote -Dspring.jmx.enabled=true -Dspring.liveBeansView.mbeanDomain -Dspring.application.admin.enabled=true -javaagent:C:\Program Files\JetBrains\IntelliJ IDEA 2022.2.1\lib\idea_rt.jar=15423:C:\Program Files\JetBrains\IntelliJ IDEA 2022.2.1\bin -Dfile.encoding=UTF-8 com.usuario.service.UsuarioServiceApplication

Host: Intel(R) Core(TM) i5-8265U CPU @ 1.60GHz, 8 cores, 11G,  Windows 10 , 64 bit Build 17763 (10.0.17763.1)
Time: Mon Jan  9 12:14:40 2023 Hora estándar de Argentina elapsed time: 0.535141 seconds (0d 0h 0m 0s)

---------------  T H R E A D  ---------------

Current thread (0x0000025eeaa4f9a0):  JavaThread "C1 CompilerThread0" daemon [_thread_in_native, id=5032, stack(0x000000f611100000,0x000000f611200000)]


Current CompileTask:
C1:    535  982       1       java.net.URLStreamHandler::parseURL (1201 bytes)

Stack: [0x000000f611100000,0x000000f611200000]
Native frames: (J=compiled Java code, j=interpreted, Vv=VM code, C=native code)
V  [jvm.dll+0x646e0a]
V  [jvm.dll+0x7f7f14]
V  [jvm.dll+0x7f96ce]
V  [jvm.dll+0x7f9d23]
V  [jvm.dll+0x234c98]
V  [jvm.dll+0xbcf18]
V  [jvm.dll+0xbd2dc]
V  [jvm.dll+0x16d33f]
V  [jvm.dll+0x16d00f]
V  [jvm.dll+0x16efd9]
V  [jvm.dll+0x16ef3d]
V  [jvm.dll+0x16ef3d]
V  [jvm.dll+0x16d964]
V  [jvm.dll+0x16dc1a]
V  [jvm.dll+0x1707f3]
V  [jvm.dll+0x12d283]
V  [jvm.dll+0x12cb4f]
V  [jvm.dll+0x12cd85]
V  [jvm.dll+0x12c175]
V  [jvm.dll+0x12de96]
V  [jvm.dll+0x217bdd]
V  [jvm.dll+0x215e24]
V  [jvm.dll+0x7b06ab]
V  [jvm.dll+0x7aac5a]
V  [jvm.dll+0x645cd5]
C  [ucrtbase.dll+0x203ba]
C  [KERNEL32.DLL+0x17e94]
C  [ntdll.dll+0x67ad1]


---------------  P R O C E S S  ---------------

Threads class SMR info:
_java_thread_list=0x0000025eebed1740, length=16, elements={
0x0000025ed4334f20, 0x0000025eeaa37480, 0x0000025eeaa382f0, 0x0000025eeaa44cb0,
0x0000025eeaa47930, 0x0000025eeaa492f0, 0x0000025eeaa4b0c0, 0x0000025eeaa4f9a0,
0x0000025eeaa583a0, 0x0000025eeb43ce70, 0x0000025eeaa20e30, 0x0000025eeb4bf2a0,
0x0000025eeba29b60, 0x0000025eeba2d7f0, 0x0000025eebb7c4b0, 0x0000025eebed0f70
}

Java Threads: ( => current thread )
  0x0000025ed4334f20 JavaThread "main" [_thread_in_Java, id=14052, stack(0x000000f610400000,0x000000f610500000)]
  0x0000025eeaa37480 JavaThread "Reference Handler" daemon [_thread_blocked, id=3732, stack(0x000000f610b00000,0x000000f610c00000)]
  0x0000025eeaa382f0 JavaThread "Finalizer" daemon [_thread_blocked, id=12864, stack(0x000000f610c00000,0x000000f610d00000)]
  0x0000025eeaa44cb0 JavaThread "Signal Dispatcher" daemon [_thread_blocked, id=13668, stack(0x000000f610d00000,0x000000f610e00000)]
  0x0000025eeaa47930 JavaThread "Attach Listener" daemon [_thread_blocked, id=13984, stack(0x000000f610e00000,0x000000f610f00000)]
  0x0000025eeaa492f0 JavaThread "Service Thread" daemon [_thread_blocked, id=6232, stack(0x000000f610f00000,0x000000f611000000)]
  0x0000025eeaa4b0c0 JavaThread "Monitor Deflation Thread" daemon [_thread_blocked, id=148, stack(0x000000f611000000,0x000000f611100000)]
=>0x0000025eeaa4f9a0 JavaThread "C1 CompilerThread0" daemon [_thread_in_native, id=5032, stack(0x000000f611100000,0x000000f611200000)]
  0x0000025eeaa583a0 JavaThread "Sweeper thread" daemon [_thread_blocked, id=11788, stack(0x000000f611200000,0x000000f611300000)]
  0x0000025eeb43ce70 JavaThread "Common-Cleaner" daemon [_thread_blocked, id=13792, stack(0x000000f611300000,0x000000f611400000)]
  0x0000025eeaa20e30 JavaThread "C1 CompilerThread1" daemon [_thread_blocked, id=8280, stack(0x000000f611400000,0x000000f611500000)]
  0x0000025eeb4bf2a0 JavaThread "C1 CompilerThread2" daemon [_thread_blocked, id=8016, stack(0x000000f611500000,0x000000f611600000)]
  0x0000025eeba29b60 JavaThread "Monitor Ctrl-Break" daemon [_thread_in_native, id=4688, stack(0x000000f611600000,0x000000f611700000)]
  0x0000025eeba2d7f0 JavaThread "Notification Thread" daemon [_thread_blocked, id=6452, stack(0x000000f611700000,0x000000f611800000)]
  0x0000025eebb7c4b0 JavaThread "RMI TCP Accept-0" daemon [_thread_in_native, id=4776, stack(0x000000f611800000,0x000000f611900000)]
  0x0000025eebed0f70 JavaThread "C1 CompilerThread3" daemon [_thread_blocked, id=13592, stack(0x000000f611a00000,0x000000f611b00000)]

Other Threads:
  0x0000025eeaa34490 VMThread "VM Thread" [stack: 0x000000f610a00000,0x000000f610b00000] [id=10600]
  0x0000025eebb7c980 WatcherThread [stack: 0x000000f611900000,0x000000f611a00000] [id=620]
  0x0000025ed4388ab0 GCTaskThread "GC Thread#0" [stack: 0x000000f610500000,0x000000f610600000] [id=7712]
  0x0000025ed4394d40 ConcurrentGCThread "G1 Main Marker" [stack: 0x000000f610600000,0x000000f610700000] [id=11620]
  0x0000025ed4395750 ConcurrentGCThread "G1 Conc#0" [stack: 0x000000f610700000,0x000000f610800000] [id=13132]
  0x0000025ed43dea40 ConcurrentGCThread "G1 Refine#0" [stack: 0x000000f610800000,0x000000f610900000] [id=12500]
  0x0000025eea8e8640 ConcurrentGCThread "G1 Service" [stack: 0x000000f610900000,0x000000f610a00000] [id=12532]

Threads with active compile tasks:
C1 CompilerThread0      556  982       1       java.net.URLStreamHandler::parseURL (1201 bytes)

VM state: not at safepoint (normal execution)

VM Mutex/Monitor currently owned by a thread: None

Heap address: 0x0000000742400000, size: 3036 MB, Compressed Oops mode: Zero based, Oop shift amount: 3

CDS archive(s) mapped at: [0x0000000800000000-0x0000000800bc0000-0x0000000800bc0000), size 12320768, SharedBaseAddress: 0x0000000800000000, ArchiveRelocationMode: 0.
Compressed class space mapped at: 0x0000000800c00000-0x0000000840c00000, reserved size: 1073741824
Narrow klass base: 0x0000000800000000, Narrow klass shift: 0, Narrow klass range: 0x100000000

GC Precious Log:
 CPUs: 8 total, 8 available
 Memory: 12136M
 Large Page Support: Disabled
 NUMA Support: Disabled
 Compressed Oops: Enabled (Zero based)
 Heap Region Size: 2M
 Heap Min Capacity: 8M
 Heap Initial Capacity: 190M
 Heap Max Capacity: 3036M
 Pre-touch: Disabled
 Parallel Workers: 8
 Concurrent Workers: 2
 Concurrent Refinement Workers: 8
 Periodic GC: Disabled

Heap:
 garbage-first heap   total 194560K, used 18432K [0x0000000742400000, 0x0000000800000000)
  region size 2048K, 10 young (20480K), 0 survivors (0K)
 Metaspace       used 5306K, committed 5504K, reserved 1056768K
  class space    used 643K, committed 768K, reserved 1048576K

Heap Regions: E=young(eden), S=young(survivor), O=old, HS=humongous(starts), HC=humongous(continues), CS=collection set, F=free, OA=open archive, CA=closed archive, TAMS=top-at-mark-start (previous, next)
|   0|0x0000000742400000, 0x0000000742400000, 0x0000000742600000|  0%| F|  |TAMS 0x0000000742400000, 0x0000000742400000| Untracked 
|   1|0x0000000742600000, 0x0000000742600000, 0x0000000742800000|  0%| F|  |TAMS 0x0000000742600000, 0x0000000742600000| Untracked 
|   2|0x0000000742800000, 0x0000000742800000, 0x0000000742a00000|  0%| F|  |TAMS 0x0000000742800000, 0x0000000742800000| Untracked 
|   3|0x0000000742a00000, 0x0000000742a00000, 0x0000000742c00000|  0%| F|  |TAMS 0x0000000742a00000, 0x0000000742a00000| Untracked 
|   4|0x0000000742c00000, 0x0000000742c00000, 0x0000000742e00000|  0%| F|  |TAMS 0x0000000742c00000, 0x0000000742c00000| Untracked 
|   5|0x0000000742e00000, 0x0000000742e00000, 0x0000000743000000|  0%| F|  |TAMS 0x0000000742e00000, 0x0000000742e00000| Untracked 
|   6|0x0000000743000000, 0x0000000743000000, 0x0000000743200000|  0%| F|  |TAMS 0x0000000743000000, 0x0000000743000000| Untracked 
|   7|0x0000000743200000, 0x0000000743200000, 0x0000000743400000|  0%| F|  |TAMS 0x0000000743200000, 0x0000000743200000| Untracked 
|   8|0x0000000743400000, 0x0000000743400000, 0x0000000743600000|  0%| F|  |TAMS 0x0000000743400000, 0x0000000743400000| Untracked 
|   9|0x0000000743600000, 0x0000000743600000, 0x0000000743800000|  0%| F|  |TAMS 0x0000000743600000, 0x0000000743600000| Untracked 
|  10|0x0000000743800000, 0x0000000743800000, 0x0000000743a00000|  0%| F|  |TAMS 0x0000000743800000, 0x0000000743800000| Untracked 
|  11|0x0000000743a00000, 0x0000000743a00000, 0x0000000743c00000|  0%| F|  |TAMS 0x0000000743a00000, 0x0000000743a00000| Untracked 
|  12|0x0000000743c00000, 0x0000000743c00000, 0x0000000743e00000|  0%| F|  |TAMS 0x0000000743c00000, 0x0000000743c00000| Untracked 
|  13|0x0000000743e00000, 0x0000000743e00000, 0x0000000744000000|  0%| F|  |TAMS 0x0000000743e00000, 0x0000000743e00000| Untracked 
|  14|0x0000000744000000, 0x0000000744000000, 0x0000000744200000|  0%| F|  |TAMS 0x0000000744000000, 0x0000000744000000| Untracked 
|  15|0x0000000744200000, 0x0000000744200000, 0x0000000744400000|  0%| F|  |TAMS 0x0000000744200000, 0x0000000744200000| Untracked 
|  16|0x0000000744400000, 0x0000000744400000, 0x0000000744600000|  0%| F|  |TAMS 0x0000000744400000, 0x0000000744400000| Untracked 
|  17|0x0000000744600000, 0x0000000744600000, 0x0000000744800000|  0%| F|  |TAMS 0x0000000744600000, 0x0000000744600000| Untracked 
|  18|0x0000000744800000, 0x0000000744800000, 0x0000000744a00000|  0%| F|  |TAMS 0x0000000744800000, 0x0000000744800000| Untracked 
|  19|0x0000000744a00000, 0x0000000744a00000, 0x0000000744c00000|  0%| F|  |TAMS 0x0000000744a00000, 0x0000000744a00000| Untracked 
|  20|0x0000000744c00000, 0x0000000744c00000, 0x0000000744e00000|  0%| F|  |TAMS 0x0000000744c00000, 0x0000000744c00000| Untracked 
|  21|0x0000000744e00000, 0x0000000744e00000, 0x0000000745000000|  0%| F|  |TAMS 0x0000000744e00000, 0x0000000744e00000| Untracked 
|  22|0x0000000745000000, 0x0000000745000000, 0x0000000745200000|  0%| F|  |TAMS 0x0000000745000000, 0x0000000745000000| Untracked 
|  23|0x0000000745200000, 0x0000000745200000, 0x0000000745400000|  0%| F|  |TAMS 0x0000000745200000, 0x0000000745200000| Untracked 
|  24|0x0000000745400000, 0x0000000745400000, 0x0000000745600000|  0%| F|  |TAMS 0x0000000745400000, 0x0000000745400000| Untracked 
|  25|0x0000000745600000, 0x0000000745600000, 0x0000000745800000|  0%| F|  |TAMS 0x0000000745600000, 0x0000000745600000| Untracked 
|  26|0x0000000745800000, 0x0000000745800000, 0x0000000745a00000|  0%| F|  |TAMS 0x0000000745800000, 0x0000000745800000| Untracked 
|  27|0x0000000745a00000, 0x0000000745a00000, 0x0000000745c00000|  0%| F|  |TAMS 0x0000000745a00000, 0x0000000745a00000| Untracked 
|  28|0x0000000745c00000, 0x0000000745c00000, 0x0000000745e00000|  0%| F|  |TAMS 0x0000000745c00000, 0x0000000745c00000| Untracked 
|  29|0x0000000745e00000, 0x0000000745e00000, 0x0000000746000000|  0%| F|  |TAMS 0x0000000745e00000, 0x0000000745e00000| Untracked 
|  30|0x0000000746000000, 0x0000000746000000, 0x0000000746200000|  0%| F|  |TAMS 0x0000000746000000, 0x0000000746000000| Untracked 
|  31|0x0000000746200000, 0x0000000746200000, 0x0000000746400000|  0%| F|  |TAMS 0x0000000746200000, 0x0000000746200000| Untracked 
|  32|0x0000000746400000, 0x0000000746400000, 0x0000000746600000|  0%| F|  |TAMS 0x0000000746400000, 0x0000000746400000| Untracked 
|  33|0x0000000746600000, 0x0000000746600000, 0x0000000746800000|  0%| F|  |TAMS 0x0000000746600000, 0x0000000746600000| Untracked 
|  34|0x0000000746800000, 0x0000000746800000, 0x0000000746a00000|  0%| F|  |TAMS 0x0000000746800000, 0x0000000746800000| Untracked 
|  35|0x0000000746a00000, 0x0000000746a00000, 0x0000000746c00000|  0%| F|  |TAMS 0x0000000746a00000, 0x0000000746a00000| Untracked 
|  36|0x0000000746c00000, 0x0000000746c00000, 0x0000000746e00000|  0%| F|  |TAMS 0x0000000746c00000, 0x0000000746c00000| Untracked 
|  37|0x0000000746e00000, 0x0000000746e00000, 0x0000000747000000|  0%| F|  |TAMS 0x0000000746e00000, 0x0000000746e00000| Untracked 
|  38|0x0000000747000000, 0x0000000747000000, 0x0000000747200000|  0%| F|  |TAMS 0x0000000747000000, 0x0000000747000000| Untracked 
|  39|0x0000000747200000, 0x0000000747200000, 0x0000000747400000|  0%| F|  |TAMS 0x0000000747200000, 0x0000000747200000| Untracked 
|  40|0x0000000747400000, 0x0000000747400000, 0x0000000747600000|  0%| F|  |TAMS 0x0000000747400000, 0x0000000747400000| Untracked 
|  41|0x0000000747600000, 0x0000000747600000, 0x0000000747800000|  0%| F|  |TAMS 0x0000000747600000, 0x0000000747600000| Untracked 
|  42|0x0000000747800000, 0x0000000747800000, 0x0000000747a00000|  0%| F|  |TAMS 0x0000000747800000, 0x0000000747800000| Untracked 
|  43|0x0000000747a00000, 0x0000000747a00000, 0x0000000747c00000|  0%| F|  |TAMS 0x0000000747a00000, 0x0000000747a00000| Untracked 
|  44|0x0000000747c00000, 0x0000000747c00000, 0x0000000747e00000|  0%| F|  |TAMS 0x0000000747c00000, 0x0000000747c00000| Untracked 
|  45|0x0000000747e00000, 0x0000000747e00000, 0x0000000748000000|  0%| F|  |TAMS 0x0000000747e00000, 0x0000000747e00000| Untracked 
|  46|0x0000000748000000, 0x0000000748000000, 0x0000000748200000|  0%| F|  |TAMS 0x0000000748000000, 0x0000000748000000| Untracked 
|  47|0x0000000748200000, 0x0000000748200000, 0x0000000748400000|  0%| F|  |TAMS 0x0000000748200000, 0x0000000748200000| Untracked 
|  48|0x0000000748400000, 0x0000000748400000, 0x0000000748600000|  0%| F|  |TAMS 0x0000000748400000, 0x0000000748400000| Untracked 
|  49|0x0000000748600000, 0x0000000748600000, 0x0000000748800000|  0%| F|  |TAMS 0x0000000748600000, 0x0000000748600000| Untracked 
|  50|0x0000000748800000, 0x0000000748800000, 0x0000000748a00000|  0%| F|  |TAMS 0x0000000748800000, 0x0000000748800000| Untracked 
|  51|0x0000000748a00000, 0x0000000748a00000, 0x0000000748c00000|  0%| F|  |TAMS 0x0000000748a00000, 0x0000000748a00000| Untracked 
|  52|0x0000000748c00000, 0x0000000748c00000, 0x0000000748e00000|  0%| F|  |TAMS 0x0000000748c00000, 0x0000000748c00000| Untracked 
|  53|0x0000000748e00000, 0x0000000748e00000, 0x0000000749000000|  0%| F|  |TAMS 0x0000000748e00000, 0x0000000748e00000| Untracked 
|  54|0x0000000749000000, 0x0000000749000000, 0x0000000749200000|  0%| F|  |TAMS 0x0000000749000000, 0x0000000749000000| Untracked 
|  55|0x0000000749200000, 0x0000000749200000, 0x0000000749400000|  0%| F|  |TAMS 0x0000000749200000, 0x0000000749200000| Untracked 
|  56|0x0000000749400000, 0x0000000749400000, 0x0000000749600000|  0%| F|  |TAMS 0x0000000749400000, 0x0000000749400000| Untracked 
|  57|0x0000000749600000, 0x0000000749600000, 0x0000000749800000|  0%| F|  |TAMS 0x0000000749600000, 0x0000000749600000| Untracked 
|  58|0x0000000749800000, 0x0000000749800000, 0x0000000749a00000|  0%| F|  |TAMS 0x0000000749800000, 0x0000000749800000| Untracked 
|  59|0x0000000749a00000, 0x0000000749a00000, 0x0000000749c00000|  0%| F|  |TAMS 0x0000000749a00000, 0x0000000749a00000| Untracked 
|  60|0x0000000749c00000, 0x0000000749c00000, 0x0000000749e00000|  0%| F|  |TAMS 0x0000000749c00000, 0x0000000749c00000| Untracked 
|  61|0x0000000749e00000, 0x0000000749e00000, 0x000000074a000000|  0%| F|  |TAMS 0x0000000749e00000, 0x0000000749e00000| Untracked 
|  62|0x000000074a000000, 0x000000074a000000, 0x000000074a200000|  0%| F|  |TAMS 0x000000074a000000, 0x000000074a000000| Untracked 
|  63|0x000000074a200000, 0x000000074a200000, 0x000000074a400000|  0%| F|  |TAMS 0x000000074a200000, 0x000000074a200000| Untracked 
|  64|0x000000074a400000, 0x000000074a400000, 0x000000074a600000|  0%| F|  |TAMS 0x000000074a400000, 0x000000074a400000| Untracked 
|  65|0x000000074a600000, 0x000000074a600000, 0x000000074a800000|  0%| F|  |TAMS 0x000000074a600000, 0x000000074a600000| Untracked 
|  66|0x000000074a800000, 0x000000074a800000, 0x000000074aa00000|  0%| F|  |TAMS 0x000000074a800000, 0x000000074a800000| Untracked 
|  67|0x000000074aa00000, 0x000000074aa00000, 0x000000074ac00000|  0%| F|  |TAMS 0x000000074aa00000, 0x000000074aa00000| Untracked 
|  68|0x000000074ac00000, 0x000000074ac00000, 0x000000074ae00000|  0%| F|  |TAMS 0x000000074ac00000, 0x000000074ac00000| Untracked 
|  69|0x000000074ae00000, 0x000000074ae00000, 0x000000074b000000|  0%| F|  |TAMS 0x000000074ae00000, 0x000000074ae00000| Untracked 
|  70|0x000000074b000000, 0x000000074b000000, 0x000000074b200000|  0%| F|  |TAMS 0x000000074b000000, 0x000000074b000000| Untracked 
|  71|0x000000074b200000, 0x000000074b200000, 0x000000074b400000|  0%| F|  |TAMS 0x000000074b200000, 0x000000074b200000| Untracked 
|  72|0x000000074b400000, 0x000000074b400000, 0x000000074b600000|  0%| F|  |TAMS 0x000000074b400000, 0x000000074b400000| Untracked 
|  73|0x000000074b600000, 0x000000074b600000, 0x000000074b800000|  0%| F|  |TAMS 0x000000074b600000, 0x000000074b600000| Untracked 
|  74|0x000000074b800000, 0x000000074b800000, 0x000000074ba00000|  0%| F|  |TAMS 0x000000074b800000, 0x000000074b800000| Untracked 
|  75|0x000000074ba00000, 0x000000074ba00000, 0x000000074bc00000|  0%| F|  |TAMS 0x000000074ba00000, 0x000000074ba00000| Untracked 
|  76|0x000000074bc00000, 0x000000074bc00000, 0x000000074be00000|  0%| F|  |TAMS 0x000000074bc00000, 0x000000074bc00000| Untracked 
|  77|0x000000074be00000, 0x000000074be00000, 0x000000074c000000|  0%| F|  |TAMS 0x000000074be00000, 0x000000074be00000| Untracked 
|  78|0x000000074c000000, 0x000000074c000000, 0x000000074c200000|  0%| F|  |TAMS 0x000000074c000000, 0x000000074c000000| Untracked 
|  79|0x000000074c200000, 0x000000074c200000, 0x000000074c400000|  0%| F|  |TAMS 0x000000074c200000, 0x000000074c200000| Untracked 
|  80|0x000000074c400000, 0x000000074c400000, 0x000000074c600000|  0%| F|  |TAMS 0x000000074c400000, 0x000000074c400000| Untracked 
|  81|0x000000074c600000, 0x000000074c600000, 0x000000074c800000|  0%| F|  |TAMS 0x000000074c600000, 0x000000074c600000| Untracked 
|  82|0x000000074c800000, 0x000000074c800000, 0x000000074ca00000|  0%| F|  |TAMS 0x000000074c800000, 0x000000074c800000| Untracked 
|  83|0x000000074ca00000, 0x000000074ca00000, 0x000000074cc00000|  0%| F|  |TAMS 0x000000074ca00000, 0x000000074ca00000| Untracked 
|  84|0x000000074cc00000, 0x000000074cc00000, 0x000000074ce00000|  0%| F|  |TAMS 0x000000074cc00000, 0x000000074cc00000| Untracked 
|  85|0x000000074ce00000, 0x000000074cf52700, 0x000000074d000000| 66%| E|  |TAMS 0x000000074ce00000, 0x000000074ce00000| Complete 
|  86|0x000000074d000000, 0x000000074d200000, 0x000000074d200000|100%| E|CS|TAMS 0x000000074d000000, 0x000000074d000000| Complete 
|  87|0x000000074d200000, 0x000000074d400000, 0x000000074d400000|100%| E|CS|TAMS 0x000000074d200000, 0x000000074d200000| Complete 
|  88|0x000000074d400000, 0x000000074d600000, 0x000000074d600000|100%| E|CS|TAMS 0x000000074d400000, 0x000000074d400000| Complete 
|  89|0x000000074d600000, 0x000000074d800000, 0x000000074d800000|100%| E|CS|TAMS 0x000000074d600000, 0x000000074d600000| Complete 
|  90|0x000000074d800000, 0x000000074da00000, 0x000000074da00000|100%| E|CS|TAMS 0x000000074d800000, 0x000000074d800000| Complete 
|  91|0x000000074da00000, 0x000000074dc00000, 0x000000074dc00000|100%| E|CS|TAMS 0x000000074da00000, 0x000000074da00000| Complete 
|  92|0x000000074dc00000, 0x000000074de00000, 0x000000074de00000|100%| E|CS|TAMS 0x000000074dc00000, 0x000000074dc00000| Complete 
|  93|0x000000074de00000, 0x000000074e000000, 0x000000074e000000|100%| E|CS|TAMS 0x000000074de00000, 0x000000074de00000| Complete 
|  94|0x000000074e000000, 0x000000074e200000, 0x000000074e200000|100%| E|CS|TAMS 0x000000074e000000, 0x000000074e000000| Complete 

Card table byte_map: [0x0000025ee14c0000,0x0000025ee1ab0000] _byte_map_base: 0x0000025eddaae000

Marking Bits (Prev, Next): (CMBitMap*) 0x0000025ed41ad0a0, (CMBitMap*) 0x0000025ed41ad0e0
 Prev Bits: [0x0000025ee20a0000, 0x0000025ee5010000)
 Next Bits: [0x0000025ee5010000, 0x0000025ee7f80000)

Polling page: 0x0000025ed43e0000

Metaspace:

Usage:
  Non-class:      4.58 MB used.
      Class:    647.30 KB used.
       Both:      5.21 MB used.

Virtual space:
  Non-class space:        8.00 MB reserved,       4.69 MB ( 59%) committed,  1 nodes.
      Class space:        1.00 GB reserved,     768.00 KB ( <1%) committed,  1 nodes.
             Both:        1.01 GB reserved,       5.44 MB ( <1%) committed. 

Chunk freelists:
   Non-Class:  3.34 MB
       Class:  3.17 MB
        Both:  6.51 MB

MaxMetaspaceSize: unlimited
CompressedClassSpaceSize: 1.00 GB
Initial GC threshold: 21.00 MB
Current GC threshold: 21.00 MB
CDS: on
MetaspaceReclaimPolicy: balanced
 - commit_granule_bytes: 65536.
 - commit_granule_words: 8192.
 - virtual_space_node_default_size: 1048576.
 - enlarge_chunks_in_place: 1.
 - new_chunks_are_fully_committed: 0.
 - uncommit_free_chunks: 1.
 - use_allocation_guard: 0.
 - handle_deallocations: 1.


Internal statistics:

num_allocs_failed_limit: 0.
num_arena_births: 82.
num_arena_deaths: 0.
num_vsnodes_births: 2.
num_vsnodes_deaths: 0.
num_space_committed: 87.
num_space_uncommitted: 0.
num_chunks_returned_to_freelist: 0.
num_chunks_taken_from_freelist: 129.
num_chunk_merges: 0.
num_chunk_splits: 82.
num_chunks_enlarged: 50.
num_purges: 0.
num_inconsistent_stats: 0.

CodeCache: size=49152Kb used=4363Kb max_used=4363Kb free=44788Kb
 bounds [0x0000025edd5f0000, 0x0000025edda40000, 0x0000025ee05f0000]
 total_blobs=1546 nmethods=1096 adapters=375
 compilation: enabled
              stopped_count=0, restarted_count=0
 full_count=0

Compilation events (20 events):
Event: 0.529 Thread 0x0000025eeb4bf2a0 nmethod 988 0x0000025edd97a910 code [0x0000025edd97ac60, 0x0000025edd97bed8]
Event: 0.529 Thread 0x0000025eeaa20e30 nmethod 991 0x0000025edd97c890 code [0x0000025edd97ca20, 0x0000025edd97cb08]
Event: 0.529 Thread 0x0000025eeb4bf2a0  992       1       java.io.DataInputStream::readUnsignedShort (39 bytes)
Event: 0.529 Thread 0x0000025eeaa20e30  994       1       java.io.DataInputStream::readShort (40 bytes)
Event: 0.529 Thread 0x0000025eeb4bf2a0 nmethod 992 0x0000025edd97cb90 code [0x0000025edd97cd40, 0x0000025edd97cee8]
Event: 0.530 Thread 0x0000025eeaa20e30 nmethod 994 0x0000025edd97d010 code [0x0000025edd97d1c0, 0x0000025edd97d368]
Event: 0.530 Thread 0x0000025eeb4bf2a0  995       1       java.io.DataInputStream::readFully (9 bytes)
Event: 0.530 Thread 0x0000025eeb4bf2a0 nmethod 995 0x0000025edd97d490 code [0x0000025edd97d620, 0x0000025edd97d708]
Event: 0.530 Thread 0x0000025eeb4bf2a0  996  s    1       java.io.ByteArrayInputStream::read (36 bytes)
Event: 0.530 Thread 0x0000025eeb4bf2a0 nmethod 996 0x0000025edd97d810 code [0x0000025edd97d9a0, 0x0000025edd97db78]
Event: 0.530 Thread 0x0000025eeb4bf2a0  997       1       java.util.zip.Checksum::update (11 bytes)
Event: 0.530 Thread 0x0000025eeaa20e30  998       1       java.util.zip.CRC32::update (51 bytes)
Event: 0.530 Thread 0x0000025eeb4bf2a0 nmethod 997 0x0000025edd97dc90 code [0x0000025edd97de20, 0x0000025edd97df48]
Event: 0.530 Thread 0x0000025eeb4bf2a0  999       1       java.util.zip.CRC32::updateBytes (14 bytes)
Event: 0.531 Thread 0x0000025eeaa20e30 nmethod 998 0x0000025edd97e010 code [0x0000025edd97e1c0, 0x0000025edd97e448]
Event: 0.531 Thread 0x0000025eeb4bf2a0 nmethod 999 0x0000025edd97e590 code [0x0000025edd97e720, 0x0000025edd97e808]
Event: 0.531 Thread 0x0000025eeaa20e30 1000       1       java.util.zip.CRC32::updateBytesCheck (55 bytes)
Event: 0.531 Thread 0x0000025eeaa20e30 nmethod 1000 0x0000025edd97e890 code [0x0000025edd97ea60, 0x0000025edd97ed68]
Event: 0.531 Thread 0x0000025eeaa20e30 1001       1       sun.util.locale.LocaleUtils::isUpper (18 bytes)
Event: 0.531 Thread 0x0000025eeaa20e30 nmethod 1001 0x0000025edd97ef10 code [0x0000025edd97f0a0, 0x0000025edd97f178]

GC Heap History (0 events):
No events

Dll operation events (12 events):
Event: 0.006 Loaded shared library C:\Users\eri\.jdks\corretto-17.0.5\bin\java.dll
Event: 0.013 Loaded shared library C:\Users\eri\.jdks\corretto-17.0.5\bin\jsvml.dll
Event: 0.108 Loaded shared library C:\Users\eri\.jdks\corretto-17.0.5\bin\zip.dll
Event: 0.109 Loaded shared library C:\Users\eri\.jdks\corretto-17.0.5\bin\instrument.dll
Event: 0.114 Loaded shared library C:\Users\eri\.jdks\corretto-17.0.5\bin\net.dll
Event: 0.115 Loaded shared library C:\Users\eri\.jdks\corretto-17.0.5\bin\nio.dll
Event: 0.119 Loaded shared library C:\Users\eri\.jdks\corretto-17.0.5\bin\zip.dll
Event: 0.261 Loaded shared library C:\Program Files\JetBrains\IntelliJ IDEA 2022.2.1\bin\breakgen64.dll
Event: 0.264 Loaded shared library C:\Users\eri\.jdks\corretto-17.0.5\bin\jimage.dll
Event: 0.277 Loaded shared library C:\Users\eri\.jdks\corretto-17.0.5\bin\management.dll
Event: 0.284 Loaded shared library C:\Users\eri\.jdks\corretto-17.0.5\bin\management_ext.dll
Event: 0.488 Loaded shared library C:\Users\eri\.jdks\corretto-17.0.5\bin\verify.dll

Deoptimization events (0 events):
No events

Classes unloaded (0 events):
No events

Classes redefined (0 events):
No events

Internal exceptions (12 events):
Event: 0.264 Thread 0x0000025eeba29b60 Exception <a 'java/lang/NoSuchMethodError'{0x000000074d700860}: 'java.lang.Object java.lang.invoke.DirectMethodHandle$Holder.invokeStaticInit(java.lang.Object)'> (0x000000074d700860) 
thrown [s\src\hotspot\share\interpreter\linkResolver.cpp, line 759]
Event: 0.270 Thread 0x0000025eeba29b60 Exception <a 'java/lang/NoSuchMethodError'{0x000000074d70e4c0}: 'void java.lang.invoke.DirectMethodHandle$Holder.invokeStatic(java.lang.Object, java.lang.Object)'> (0x000000074d70e4c0) 
thrown [s\src\hotspot\share\interpreter\linkResolver.cpp, line 759]
Event: 0.286 Thread 0x0000025ed4334f20 Exception <a 'java/lang/NoSuchMethodError'{0x000000074d6e8740}: 'int java.lang.invoke.DirectMethodHandle$Holder.invokeInterface(java.lang.Object, java.lang.Object)'> (0x000000074d6e8740) 
thrown [s\src\hotspot\share\interpreter\linkResolver.cpp, line 759]
Event: 0.287 Thread 0x0000025ed4334f20 Exception <a 'java/lang/IncompatibleClassChangeError'{0x000000074d6ebd40}: Found class java.lang.Object, but interface was expected> (0x000000074d6ebd40) 
thrown [s\src\hotspot\share\interpreter\linkResolver.cpp, line 826]
Event: 0.322 Thread 0x0000025ed4334f20 Exception <a 'java/lang/NoSuchMethodError'{0x000000074d428200}: 'int java.lang.invoke.DirectMethodHandle$Holder.invokeSpecial(java.lang.Object, java.lang.Object, java.lang.Object)'> (0x000000074d428200) 
thrown [s\src\hotspot\share\interpreter\linkResolver.cpp, line 759]
Event: 0.357 Thread 0x0000025ed4334f20 Exception <a 'java/lang/NoSuchMethodError'{0x000000074d5222c8}: 'void java.lang.invoke.DirectMethodHandle$Holder.invokeStatic(java.lang.Object, java.lang.Object, java.lang.Object)'> (0x000000074d5222c8) 
thrown [s\src\hotspot\share\interpreter\linkResolver.cpp, line 759]
Event: 0.364 Thread 0x0000025ed4334f20 Exception <a 'java/lang/NoSuchMethodError'{0x000000074d55ef38}: 'int java.lang.invoke.DirectMethodHandle$Holder.invokeSpecialIFC(java.lang.Object, java.lang.Object, java.lang.Object)'> (0x000000074d55ef38) 
thrown [s\src\hotspot\share\interpreter\linkResolver.cpp, line 759]
Event: 0.384 Thread 0x0000025ed4334f20 Exception <a 'java/lang/NoSuchMethodError'{0x000000074d5d4dc8}: 'java.lang.Object java.lang.invoke.DirectMethodHandle$Holder.invokeStaticInit(java.lang.Object, int, int, int, int)'> (0x000000074d5d4dc8) 
thrown [s\src\hotspot\share\interpreter\linkResolver.cpp, line 759]
Event: 0.438 Thread 0x0000025ed4334f20 Exception <a 'java/lang/NoSuchMethodError'{0x000000074d29c288}: 'java.lang.Object java.lang.invoke.DirectMethodHandle$Holder.invokeStaticInit(java.lang.Object, java.lang.Object, int, int, int, int)'> (0x000000074d29c288) 
thrown [s\src\hotspot\share\interpreter\linkResolver.cpp, line 759]
Event: 0.451 Thread 0x0000025ed4334f20 Exception <a 'java/lang/ClassNotFoundException'{0x000000074d2ba760}: javax/management/remote/rmi/RMIServerImpl_Skel> (0x000000074d2ba760) 
thrown [s\src\hotspot\share\classfile\systemDictionary.cpp, line 256]
Event: 0.512 Thread 0x0000025ed4334f20 Exception <a 'java/lang/ClassNotFoundException'{0x000000074d0e3010}: javax/smartcardio/CardPermission> (0x000000074d0e3010) 
thrown [s\src\hotspot\share\classfile\systemDictionary.cpp, line 256]
Event: 0.515 Thread 0x0000025ed4334f20 Exception <a 'java/io/FileNotFoundException'{0x000000074d0f2078}> (0x000000074d0f2078) 
thrown [s\src\hotspot\share\prims\jni.cpp, line 516]

VM Operations (12 events):
Event: 0.097 Executing VM operation: HandshakeAllThreads
Event: 0.097 Executing VM operation: HandshakeAllThreads done
Event: 0.263 Executing VM operation: HandshakeAllThreads
Event: 0.263 Executing VM operation: HandshakeAllThreads done
Event: 0.289 Executing VM operation: HandshakeAllThreads
Event: 0.289 Executing VM operation: HandshakeAllThreads done
Event: 0.290 Executing VM operation: HandshakeAllThreads
Event: 0.290 Executing VM operation: HandshakeAllThreads done
Event: 0.375 Executing VM operation: HandshakeAllThreads
Event: 0.375 Executing VM operation: HandshakeAllThreads done
Event: 0.467 Executing VM operation: HandshakeAllThreads
Event: 0.467 Executing VM operation: HandshakeAllThreads done

Events (20 events):
Event: 0.516 loading class java/util/PropertyPermissionCollection$1
Event: 0.516 loading class java/util/PropertyPermissionCollection$1 done
Event: 0.516 loading class sun/net/www/protocol/file/FileURLConnection
Event: 0.516 loading class sun/net/www/URLConnection
Event: 0.516 loading class java/net/URLConnection
Event: 0.516 loading class java/net/URLConnection done
Event: 0.516 loading class sun/net/www/URLConnection done
Event: 0.516 loading class sun/net/www/protocol/file/FileURLConnection done
Event: 0.516 loading class sun/net/www/MessageHeader
Event: 0.516 loading class sun/net/www/MessageHeader done
Event: 0.517 loading class java/io/FilePermissionCollection
Event: 0.517 loading class java/io/FilePermissionCollection done
Event: 0.517 loading class java/io/FilePermissionCollection$1
Event: 0.517 loading class java/io/FilePermissionCollection$1 done
Event: 0.517 loading class java/security/PermissionsEnumerator
Event: 0.517 loading class java/security/PermissionsEnumerator done
Event: 0.517 loading class java/security/AccessControlException
Event: 0.517 loading class java/security/AccessControlException done
Event: 0.530 loading class sun/util/calendar/ZoneInfoFile$Checksum
Event: 0.530 loading class sun/util/calendar/ZoneInfoFile$Checksum done


Dynamic libraries:
0x00007ff6145b0000 - 0x00007ff6145bd000 	C:\Users\eri\.jdks\corretto-17.0.5\bin\java.exe
0x00007ffbec240000 - 0x00007ffbec42d000 	C:\Windows\SYSTEM32\ntdll.dll
0x00007ffbea490000 - 0x00007ffbea543000 	C:\Windows\System32\KERNEL32.DLL
0x00007ffbe83f0000 - 0x00007ffbe8683000 	C:\Windows\System32\KERNELBASE.dll
0x00007ffbe92c0000 - 0x00007ffbe93bc000 	C:\Windows\System32\ucrtbase.dll
0x00007ffbbda30000 - 0x00007ffbbda47000 	C:\Users\eri\.jdks\corretto-17.0.5\bin\jli.dll
0x00007ffbbced0000 - 0x00007ffbbcee5000 	C:\Users\eri\.jdks\corretto-17.0.5\bin\VCRUNTIME140.dll
0x00007ffbe94a0000 - 0x00007ffbe9637000 	C:\Windows\System32\USER32.dll
0x00007ffbe92a0000 - 0x00007ffbe92c0000 	C:\Windows\System32\win32u.dll
0x00007ffbcfe60000 - 0x00007ffbd00d9000 	C:\Windows\WinSxS\amd64_microsoft.windows.common-controls_6595b64144ccf1df_6.0.17763.1_none_f040600eff408c2d\COMCTL32.dll
0x00007ffbea450000 - 0x00007ffbea479000 	C:\Windows\System32\GDI32.dll
0x00007ffbeaa00000 - 0x00007ffbeaa9e000 	C:\Windows\System32\msvcrt.dll
0x00007ffbe8750000 - 0x00007ffbe88ea000 	C:\Windows\System32\gdi32full.dll
0x00007ffbe9d50000 - 0x00007ffbea07e000 	C:\Windows\System32\combase.dll
0x00007ffbe8690000 - 0x00007ffbe8730000 	C:\Windows\System32\msvcp_win.dll
0x00007ffbea320000 - 0x00007ffbea443000 	C:\Windows\System32\RPCRT4.dll
0x00007ffbe8ad0000 - 0x00007ffbe8b4e000 	C:\Windows\System32\bcryptPrimitives.dll
0x00007ffbe9470000 - 0x00007ffbe949e000 	C:\Windows\System32\IMM32.DLL
0x00007ffbaaf80000 - 0x00007ffbab01b000 	C:\Users\eri\.jdks\corretto-17.0.5\bin\msvcp140.dll
0x00007ffb927b0000 - 0x00007ffb933c4000 	C:\Users\eri\.jdks\corretto-17.0.5\bin\server\jvm.dll
0x00007ffbe9ac0000 - 0x00007ffbe9b63000 	C:\Windows\System32\ADVAPI32.dll
0x00007ffbea650000 - 0x00007ffbea6ee000 	C:\Windows\System32\sechost.dll
0x00007ffbe30a0000 - 0x00007ffbe30c4000 	C:\Windows\SYSTEM32\WINMM.dll
0x00007ffbe3270000 - 0x00007ffbe3279000 	C:\Windows\SYSTEM32\WSOCK32.dll
0x00007ffbe11b0000 - 0x00007ffbe11ba000 	C:\Windows\SYSTEM32\VERSION.dll
0x00007ffbea6f0000 - 0x00007ffbea75d000 	C:\Windows\System32\WS2_32.dll
0x00007ffbe3070000 - 0x00007ffbe309d000 	C:\Windows\SYSTEM32\WINMMBASE.dll
0x00007ffbe8310000 - 0x00007ffbe835a000 	C:\Windows\System32\cfgmgr32.dll
0x00007ffbe82c0000 - 0x00007ffbe82d1000 	C:\Windows\System32\kernel.appcore.dll
0x00007ffbd7200000 - 0x00007ffbd720a000 	C:\Users\eri\.jdks\corretto-17.0.5\bin\jimage.dll
0x00007ffbe3bb0000 - 0x00007ffbe3d9d000 	C:\Windows\SYSTEM32\DBGHELP.DLL
0x00007ffbd42a0000 - 0x00007ffbd42ca000 	C:\Windows\SYSTEM32\dbgcore.DLL
0x00007ffbc0d40000 - 0x00007ffbc0d4e000 	C:\Users\eri\.jdks\corretto-17.0.5\bin\instrument.dll
0x00007ffbbda50000 - 0x00007ffbbda75000 	C:\Users\eri\.jdks\corretto-17.0.5\bin\java.dll
0x00007ffbaaea0000 - 0x00007ffbaaf76000 	C:\Users\eri\.jdks\corretto-17.0.5\bin\jsvml.dll
0x00007ffbeab70000 - 0x00007ffbec05f000 	C:\Windows\System32\SHELL32.dll
0x00007ffbe9ca0000 - 0x00007ffbe9d48000 	C:\Windows\System32\shcore.dll
0x00007ffbe8b50000 - 0x00007ffbe9298000 	C:\Windows\System32\windows.storage.dll
0x00007ffbe82e0000 - 0x00007ffbe8304000 	C:\Windows\System32\profapi.dll
0x00007ffbe8240000 - 0x00007ffbe829d000 	C:\Windows\System32\powrprof.dll
0x00007ffbea080000 - 0x00007ffbea0d2000 	C:\Windows\System32\shlwapi.dll
0x00007ffbe8730000 - 0x00007ffbe8747000 	C:\Windows\System32\cryptsp.dll
0x00007ffbb5340000 - 0x00007ffbb5358000 	C:\Users\eri\.jdks\corretto-17.0.5\bin\zip.dll
0x00007ffbd71e0000 - 0x00007ffbd71f9000 	C:\Users\eri\.jdks\corretto-17.0.5\bin\net.dll
0x00007ffbdd9e0000 - 0x00007ffbddad1000 	C:\Windows\SYSTEM32\WINHTTP.dll
0x00007ffbe7a20000 - 0x00007ffbe7a87000 	C:\Windows\system32\mswsock.dll
0x00007ffbbdac0000 - 0x00007ffbbdad5000 	C:\Users\eri\.jdks\corretto-17.0.5\bin\nio.dll
0x00007ffbb5320000 - 0x00007ffbb533a000 	C:\Program Files\JetBrains\IntelliJ IDEA 2022.2.1\bin\breakgen64.dll
0x00007ffbe77d0000 - 0x00007ffbe7896000 	C:\Windows\SYSTEM32\DNSAPI.dll
0x00007ffbea560000 - 0x00007ffbea568000 	C:\Windows\System32\NSI.dll
0x00007ffbe7790000 - 0x00007ffbe77cd000 	C:\Windows\SYSTEM32\IPHLPAPI.DLL
0x00007ffbdb820000 - 0x00007ffbdb82a000 	C:\Windows\System32\rasadhlp.dll
0x00007ffbdd960000 - 0x00007ffbdd9d9000 	C:\Windows\System32\fwpuclnt.dll
0x00007ffbe83c0000 - 0x00007ffbe83e6000 	C:\Windows\System32\bcrypt.dll
0x00007ffbbe280000 - 0x00007ffbbe289000 	C:\Users\eri\.jdks\corretto-17.0.5\bin\management.dll
0x00007ffbbe040000 - 0x00007ffbbe04b000 	C:\Users\eri\.jdks\corretto-17.0.5\bin\management_ext.dll
0x00007ffbea550000 - 0x00007ffbea558000 	C:\Windows\System32\PSAPI.DLL
0x00007ffbe75f0000 - 0x00007ffbe7623000 	C:\Windows\system32\rsaenh.dll
0x00007ffbe8140000 - 0x00007ffbe8168000 	C:\Windows\SYSTEM32\USERENV.dll
0x00007ffbe7ba0000 - 0x00007ffbe7bac000 	C:\Windows\SYSTEM32\CRYPTBASE.dll
0x00007ffbdfb10000 - 0x00007ffbdfb26000 	C:\Windows\SYSTEM32\dhcpcsvc6.DLL
0x00007ffbdfaa0000 - 0x00007ffbdfabc000 	C:\Windows\SYSTEM32\dhcpcsvc.DLL
0x00007ffbc7300000 - 0x00007ffbc7316000 	C:\Windows\system32\napinsp.dll
0x00007ffbc72e0000 - 0x00007ffbc72fa000 	C:\Windows\system32\pnrpnsp.dll
0x00007ffbc6f40000 - 0x00007ffbc6f4e000 	C:\Windows\System32\winrnr.dll
0x00007ffbe16e0000 - 0x00007ffbe16fb000 	C:\Windows\system32\NLAapi.dll
0x00007ffbc6f20000 - 0x00007ffbc6f35000 	C:\Windows\system32\wshbth.dll
0x00007ffbc1730000 - 0x00007ffbc1740000 	C:\Users\eri\.jdks\corretto-17.0.5\bin\verify.dll

dbghelp: loaded successfully - version: 4.0.5 - missing functions: none
symbol engine: initialized successfully - sym options: 0x614 - pdb path: (cannot be retrieved)

VM Arguments:
jvm_args: -XX:TieredStopAtLevel=1 -Dspring.output.ansi.enabled=always -Dcom.sun.management.jmxremote -Dspring.jmx.enabled=true -Dspring.liveBeansView.mbeanDomain -Dspring.application.admin.enabled=true -javaagent:C:\Program Files\JetBrains\IntelliJ IDEA 2022.2.1\lib\idea_rt.jar=15423:C:\Program Files\JetBrains\IntelliJ IDEA 2022.2.1\bin -Dfile.encoding=UTF-8 
java_command: com.usuario.service.UsuarioServiceApplication
java_class_path (initial): C:\Users\eri\Desktop\microservicios-tutorial\usuario-service\target\classes;C:\Users\eri\.m2\repository\org\springframework\boot\spring-boot-starter-data-jpa\2.5.4\spring-boot-starter-data-jpa-2.5.4.jar;C:\Users\eri\.m2\repository\org\springframework\boot\spring-boot-starter-aop\2.5.4\spring-boot-starter-aop-2.5.4.jar;C:\Users\eri\.m2\repository\org\springframework\spring-aop\5.3.9\spring-aop-5.3.9.jar;C:\Users\eri\.m2\repository\org\aspectj\aspectjweaver\1.9.7\aspectjweaver-1.9.7.jar;C:\Users\eri\.m2\repository\org\springframework\boot\spring-boot-starter-jdbc\2.5.4\spring-boot-starter-jdbc-2.5.4.jar;C:\Users\eri\.m2\repository\com\zaxxer\HikariCP\4.0.3\HikariCP-4.0.3.jar;C:\Users\eri\.m2\repository\org\springframework\spring-jdbc\5.3.9\spring-jdbc-5.3.9.jar;C:\Users\eri\.m2\repository\jakarta\transaction\jakarta.transaction-api\1.3.3\jakarta.transaction-api-1.3.3.jar;C:\Users\eri\.m2\repository\jakarta\persistence\jakarta.persistence-api\2.2.3\jakarta.persistence-api-2.2.3.jar;C:\Users\eri\.m2\repository\org\hibernate\hibernate-core\5.4.32.Final\hibernate-core-5.4.32.Final.jar;C:\Users\eri\.m2\repository\org\jboss\logging\jboss-logging\3.4.2.Final\jboss-logging-3.4.2.Final.jar;C:\Users\eri\.m2\repository\org\javassist\javassist\3.27.0-GA\javassist-3.27.0-GA.jar;C:\Users\eri\.m2\repository\net\bytebuddy\byte-buddy\1.10.22\byte-buddy-1.10.22.jar;C:\Users\eri\.m2\repository\antlr\antlr\2.7.7\antlr-2.7.7.jar;C:\Users\eri\.m2\repository\org\jboss\jandex\2.2.3.Final\jandex-2.2.3.Final.jar;C:\Users\eri\.m2\repository\com\fasterxml\classmate\1.5.1\classmate-1.5.1.jar;C:\Users\eri\.m2\repository\org\dom4j\dom4j\2.1.3\dom4j-2.1.3.jar;C:\Users\eri\.m2\repository\org\hibernate\common\hibernate-commons-annotations\5.1.2.Final\hibernate-commons-annotations-5.1.2.Final.jar;C:\Users\eri\.m2\repository\org\glassfish\jaxb\jaxb-runtime\2.3.5\jaxb-runtime-2.3.5.jar;C:\Users\eri\.m2\repository\org\glassfish\jaxb\txw2\2.3.5\txw2-2.3.5.jar;C:\Users\eri\.m2\r
Launcher Type: SUN_STANDARD

[Global flags]
     intx CICompilerCount                          = 4                                         {product} {ergonomic}
     uint ConcGCThreads                            = 2                                         {product} {ergonomic}
     uint G1ConcRefinementThreads                  = 8                                         {product} {ergonomic}
   size_t G1HeapRegionSize                         = 2097152                                   {product} {ergonomic}
    uintx GCDrainStackTargetSize                   = 64                                        {product} {ergonomic}
   size_t InitialHeapSize                          = 199229440                                 {product} {ergonomic}
     bool ManagementServer                         = true                                      {product} {command line}
   size_t MarkStackSize                            = 4194304                                   {product} {ergonomic}
   size_t MaxHeapSize                              = 3183476736                                {product} {ergonomic}
   size_t MaxNewSize                               = 1908408320                                {product} {ergonomic}
   size_t MinHeapDeltaBytes                        = 2097152                                   {product} {ergonomic}
   size_t MinHeapSize                              = 8388608                                   {product} {ergonomic}
    uintx NonProfiledCodeHeapSize                  = 0                                      {pd product} {ergonomic}
     bool ProfileInterpreter                       = false                                  {pd product} {command line}
    uintx ProfiledCodeHeapSize                     = 0                                      {pd product} {ergonomic}
   size_t SoftMaxHeapSize                          = 3183476736                             {manageable} {ergonomic}
     intx TieredStopAtLevel                        = 1                                         {product} {command line}
     bool UseCompressedClassPointers               = true                           {product lp64_product} {ergonomic}
     bool UseCompressedOops                        = true                           {product lp64_product} {ergonomic}
     bool UseG1GC                                  = true                                      {product} {ergonomic}
     bool UseLargePagesIndividualAllocation        = false                                  {pd product} {ergonomic}

Logging:
Log output configuration:
 #0: stdout all=warning uptime,level,tags
 #1: stderr all=off uptime,level,tags

Environment Variables:
JAVA_HOME=C:\Program Files\Java\jdk-16.0.2
PATH=C:\Python310\Scripts\;C:\Python310\;C:\Python39\Scripts\;C:\Python39\;C:\Program Files\Common Files\Oracle\Java\javapath;C:\Windows\system32;C:\Windows;C:\Windows\System32\Wbem;C:\Windows\System32\WindowsPowerShell\v1.0\;C:\Windows\System32\OpenSSH\;C:\Program Files\Java\jdk-16.0.2\bin;C:\Program Files\Git\cmd;C:\ProgramData\chocolatey\bin;C:\xampp\php;C:\ProgramData\ComposerSetup\bin;C:\Program Files\nodejs\;C:\Program Files\Microsoft SQL Server\Client SDK\ODBC\170\Tools\Binn\;C:\Program Files (x86)\Microsoft SQL Server\150\Tools\Binn\;C:\Program Files\Microsoft SQL Server\150\Tools\Binn\;C:\Program Files\Microsoft SQL Server\150\DTS\Binn\;C:\Program Files (x86)\Microsoft SQL Server\150\DTS\Binn\;C:\Program Files\Azure Data Studio\bin;C:\Program Files\Docker\Docker\resources\bin;C:\Users\eri\AppData\Local\Microsoft\WindowsApps;C:\Users\eri\AppData\Local\Programs\Microsoft VS Code\bin;C:\Users\eri\AppData\Local\GitHubDesktop\bin;C:\Users\eri\AppData\Roaming\Composer\vendor\bin;C:\Users\eri\AppData\Roaming\npm;C:\Program Files\JetBrains\IntelliJ IDEA 2022.2.1\bin;;C:\Program Files\Azure Data Studio\bin;C:\Program Files\MongoDB\Server\6.0\bin;C:\mongosh-1.6.1\bin;
USERNAME=eri
OS=Windows_NT
PROCESSOR_IDENTIFIER=Intel64 Family 6 Model 142 Stepping 12, GenuineIntel
TMP=C:\Users\eri\AppData\Local\Temp
TEMP=C:\Users\eri\AppData\Local\Temp



---------------  S Y S T E M  ---------------

OS:
 Windows 10 , 64 bit Build 17763 (10.0.17763.1)
OS uptime: 1 days 21:52 hours
Hyper-V role detected

CPU: total 8 (initial active 8) (4 cores per cpu, 2 threads per core) family 6 model 142 stepping 12 microcode 0xb2, cx8, cmov, fxsr, ht, mmx, 3dnowpref, sse, sse2, sse3, ssse3, sse4.1, sse4.2, popcnt, lzcnt, tsc, tscinvbit, avx, avx2, aes, erms, clmul, bmi1, bmi2, adx, fma, vzeroupper, clflush, clflushopt, hv

Memory: 4k page, system-wide physical 12136M (1826M free)
TotalPageFile size 12136M (AvailPageFile size 2M)
current process WorkingSet (physical memory assigned to process): 65M, peak: 65M
current process commit charge ("private bytes"): 287M, peak: 287M

vm_info: OpenJDK 64-Bit Server VM (17.0.5+8-LTS) for windows-amd64 JRE (17.0.5+8-LTS), built on Oct 13 2022 05:18:14 by "Administrator" with MS VC++ 15.9 (VS2017)

END.
