#
# There is insufficient memory for the Java Runtime Environment to continue.
# Native memory allocation (mmap) failed to map 65536 bytes for Failed to commit metaspace.
# Possible reasons:
#   The system is out of physical RAM or swap space
#   The process is running with CompressedOops enabled, and the Java Heap may be blocking the growth of the native heap
# Possible solutions:
#   Reduce memory load on the system
#   Increase physical memory or swap space
#   Check if swap backing store is full
#   Decrease Java heap size (-Xmx/-Xms)
#   Decrease number of Java threads
#   Decrease Java thread stack sizes (-Xss)
#   Set larger code cache with -XX:ReservedCodeCacheSize=
#   JVM is running with Zero Based Compressed Oops mode in which the Java heap is
#     placed in the first 32GB address space. The Java Heap base address is the
#     maximum limit for the native heap growth. Please use -XX:HeapBaseMinAddress
#     to set the Java Heap base and to place the Java Heap above 32GB virtual address.
# This output file may be truncated or incomplete.
#
#  Out of Memory Error (virtualSpaceNode.cpp:110), pid=12392, tid=8704
#
# JRE version: OpenJDK Runtime Environment Corretto-17.0.5.8.1 (17.0.5+8) (build 17.0.5+8-LTS)
# Java VM: OpenJDK 64-Bit Server VM Corretto-17.0.5.8.1 (17.0.5+8-LTS, mixed mode, emulated-client, sharing, tiered, compressed oops, compressed class ptrs, g1 gc, windows-amd64)
# No core dump will be written. Minidumps are not enabled by default on client versions of Windows
#

---------------  S U M M A R Y ------------

Command Line: -XX:TieredStopAtLevel=1 -Dspring.output.ansi.enabled=always -Dcom.sun.management.jmxremote -Dspring.jmx.enabled=true -Dspring.liveBeansView.mbeanDomain -Dspring.application.admin.enabled=true -javaagent:C:\Program Files\JetBrains\IntelliJ IDEA 2022.2.1\lib\idea_rt.jar=13510:C:\Program Files\JetBrains\IntelliJ IDEA 2022.2.1\bin -Dfile.encoding=UTF-8 com.usuario.service.UsuarioServiceApplication

Host: Intel(R) Core(TM) i5-8265U CPU @ 1.60GHz, 8 cores, 11G,  Windows 10 , 64 bit Build 17763 (10.0.17763.1)
Time: Tue Jan 10 14:48:55 2023 Hora estándar de Argentina elapsed time: 0.357932 seconds (0d 0h 0m 0s)

---------------  T H R E A D  ---------------

Current thread (0x0000027aaa2551f0):  JavaThread "main" [_thread_in_vm, id=8704, stack(0x000000916db00000,0x000000916dc00000)]

Stack: [0x000000916db00000,0x000000916dc00000]
Native frames: (J=compiled Java code, j=interpreted, Vv=VM code, C=native code)
V  [jvm.dll+0x646e0a]
V  [jvm.dll+0x7f7f14]
V  [jvm.dll+0x7f96ce]
V  [jvm.dll+0x7f9d23]
V  [jvm.dll+0x234c98]
V  [jvm.dll+0x7f3fdb]
V  [jvm.dll+0x5ee0e6]
V  [jvm.dll+0x5ee14a]
V  [jvm.dll+0x5f0868]
V  [jvm.dll+0x5eea9d]
V  [jvm.dll+0x5fec09]
V  [jvm.dll+0x5f811e]
V  [jvm.dll+0x368c71]
C  0x0000027ab1d3c294

Java frames: (J=compiled Java code, j=interpreted, Vv=VM code)
j  sun.security.provider.SHA.resetHashes()V+0 java.base@17.0.5
j  sun.security.provider.SHA.<init>()V+18 java.base@17.0.5
v  ~StubRoutines::call_stub
j  jdk.internal.reflect.NativeConstructorAccessorImpl.newInstance0(Ljava/lang/reflect/Constructor;[Ljava/lang/Object;)Ljava/lang/Object;+0 java.base@17.0.5
j  jdk.internal.reflect.NativeConstructorAccessorImpl.newInstance([Ljava/lang/Object;)Ljava/lang/Object;+118 java.base@17.0.5
j  jdk.internal.reflect.DelegatingConstructorAccessorImpl.newInstance([Ljava/lang/Object;)Ljava/lang/Object;+5 java.base@17.0.5
j  java.lang.reflect.Constructor.newInstanceWithCaller([Ljava/lang/Object;ZLjava/lang/Class;)Ljava/lang/Object;+65 java.base@17.0.5
j  java.lang.reflect.Constructor.newInstance([Ljava/lang/Object;)Ljava/lang/Object;+30 java.base@17.0.5
j  java.security.Provider$Service.newInstanceOf()Ljava/lang/Object;+9 java.base@17.0.5
j  java.security.Provider$Service.newInstanceUtil(Ljava/lang/Class;Ljava/lang/Object;)Ljava/lang/Object;+5 java.base@17.0.5
j  java.security.Provider$Service.newInstance(Ljava/lang/Object;)Ljava/lang/Object;+227 java.base@17.0.5
j  sun.security.jca.GetInstance.getInstance(Ljava/security/Provider$Service;Ljava/lang/Class;)Lsun/security/jca/GetInstance$Instance;+2 java.base@17.0.5
j  sun.security.jca.GetInstance.getInstance(Ljava/lang/String;Ljava/lang/Class;Ljava/lang/String;)Lsun/security/jca/GetInstance$Instance;+56 java.base@17.0.5
j  java.security.MessageDigest.getInstance(Ljava/lang/String;)Ljava/security/MessageDigest;+12 java.base@17.0.5
j  sun.security.provider.SeedGenerator.getSystemEntropy()[B+2 java.base@17.0.5
j  sun.security.provider.AbstractDrbg$SeederHolder.<clinit>()V+28 java.base@17.0.5
v  ~StubRoutines::call_stub
j  sun.security.provider.AbstractDrbg.getEntropyInput(IIIZ)[B+87 java.base@17.0.5
j  sun.security.provider.AbstractDrbg.getEntropyInput(Z)[B+14 java.base@17.0.5
j  sun.security.provider.AbstractDrbg.instantiateIfNecessary([B)V+16 java.base@17.0.5
j  sun.security.provider.AbstractDrbg.engineNextBytes([BLjava/security/SecureRandomParameters;)V+162 java.base@17.0.5
j  sun.security.provider.AbstractDrbg.engineNextBytes([B)V+11 java.base@17.0.5
j  sun.security.provider.DRBG.engineNextBytes([B)V+5 java.base@17.0.5
j  java.security.SecureRandom.nextBytes([B)V+12 java.base@17.0.5
j  java.security.SecureRandom.next(I)I+17 java.base@17.0.5
j  java.util.Random.nextInt()I+3 java.base@17.0.5
j  java.rmi.server.UID.<init>()V+23 java.rmi@17.0.5
j  java.rmi.server.ObjID.<clinit>()V+14 java.rmi@17.0.5
v  ~StubRoutines::call_stub
j  sun.rmi.transport.LiveRef.<init>(ILjava/rmi/server/RMIClientSocketFactory;Ljava/rmi/server/RMIServerSocketFactory;)V+1 java.rmi@17.0.5
j  sun.rmi.server.UnicastServerRef2.<init>(ILjava/rmi/server/RMIClientSocketFactory;Ljava/rmi/server/RMIServerSocketFactory;Ljava/io/ObjectInputFilter;)V+8 java.rmi@17.0.5
j  sun.management.jmxremote.ConnectorBootstrap$PermanentExporter.exportObject(Ljava/rmi/Remote;ILjava/rmi/server/RMIClientSocketFactory;Ljava/rmi/server/RMIServerSocketFactory;Ljava/io/ObjectInputFilter;)Ljava/rmi/Remote;+72 jdk.management.agent@17.0.5
j  javax.management.remote.rmi.RMIJRMPServerImpl.export(Ljava/rmi/Remote;Ljava/io/ObjectInputFilter;)V+62 java.management.rmi@17.0.5
j  javax.management.remote.rmi.RMIJRMPServerImpl.export()V+6 java.management.rmi@17.0.5
j  javax.management.remote.rmi.RMIConnectorServer.start()V+257 java.management.rmi@17.0.5
j  sun.management.jmxremote.ConnectorBootstrap.startLocalConnectorServer()Ljavax/management/remote/JMXConnectorServer;+290 jdk.management.agent@17.0.5
j  jdk.internal.agent.Agent.startLocalManagementAgent()V+13 jdk.management.agent@17.0.5
j  jdk.internal.agent.Agent.startAgent(Ljava/util/Properties;)V+58 jdk.management.agent@17.0.5
j  jdk.internal.agent.Agent.startAgent()V+20 jdk.management.agent@17.0.5
v  ~StubRoutines::call_stub

---------------  P R O C E S S  ---------------

Threads class SMR info:
_java_thread_list=0x0000027abfbc2e50, length=14, elements={
0x0000027aaa2551f0, 0x0000027abe6aca00, 0x0000027abe6ad870, 0x0000027abf400480,
0x0000027abf401000, 0x0000027abf4029c0, 0x0000027abf404380, 0x0000027abf408230,
0x0000027abf408c20, 0x0000027abf4abba0, 0x0000027abf5b3560, 0x0000027abf5b3a70,
0x0000027abfbc9940, 0x0000027abfbca210
}

Java Threads: ( => current thread )
=>0x0000027aaa2551f0 JavaThread "main" [_thread_in_vm, id=8704, stack(0x000000916db00000,0x000000916dc00000)]
  0x0000027abe6aca00 JavaThread "Reference Handler" daemon [_thread_blocked, id=12580, stack(0x000000916e200000,0x000000916e300000)]
  0x0000027abe6ad870 JavaThread "Finalizer" daemon [_thread_blocked, id=10104, stack(0x000000916e300000,0x000000916e400000)]
  0x0000027abf400480 JavaThread "Signal Dispatcher" daemon [_thread_blocked, id=10316, stack(0x000000916e400000,0x000000916e500000)]
  0x0000027abf401000 JavaThread "Attach Listener" daemon [_thread_blocked, id=12968, stack(0x000000916e500000,0x000000916e600000)]
  0x0000027abf4029c0 JavaThread "Service Thread" daemon [_thread_blocked, id=11084, stack(0x000000916e600000,0x000000916e700000)]
  0x0000027abf404380 JavaThread "Monitor Deflation Thread" daemon [_thread_blocked, id=1440, stack(0x000000916e700000,0x000000916e800000)]
  0x0000027abf408230 JavaThread "C1 CompilerThread0" daemon [_thread_blocked, id=10236, stack(0x000000916e800000,0x000000916e900000)]
  0x0000027abf408c20 JavaThread "Sweeper thread" daemon [_thread_blocked, id=12000, stack(0x000000916e900000,0x000000916ea00000)]
  0x0000027abf4abba0 JavaThread "Common-Cleaner" daemon [_thread_blocked, id=11112, stack(0x000000916ea00000,0x000000916eb00000)]
  0x0000027abf5b3560 JavaThread "C1 CompilerThread1" daemon [_thread_blocked, id=14032, stack(0x000000916eb00000,0x000000916ec00000)]
  0x0000027abf5b3a70 JavaThread "C1 CompilerThread2" daemon [_thread_blocked, id=12116, stack(0x000000916ec00000,0x000000916ed00000)]
  0x0000027abfbc9940 JavaThread "Monitor Ctrl-Break" daemon [_thread_in_native, id=13728, stack(0x000000916ed00000,0x000000916ee00000)]
  0x0000027abfbca210 JavaThread "Notification Thread" daemon [_thread_blocked, id=12812, stack(0x000000916ee00000,0x000000916ef00000)]

Other Threads:
  0x0000027abe6a9e10 VMThread "VM Thread" [stack: 0x000000916e100000,0x000000916e200000] [id=8080]
  0x0000027aaa2acfd0 GCTaskThread "GC Thread#0" [stack: 0x000000916dc00000,0x000000916dd00000] [id=14600]
  0x0000027aaa2b9cd0 ConcurrentGCThread "G1 Main Marker" [stack: 0x000000916dd00000,0x000000916de00000] [id=11672]
  0x0000027aaa2bc350 ConcurrentGCThread "G1 Conc#0" [stack: 0x000000916de00000,0x000000916df00000] [id=10976]
  0x0000027aaa2fd4d0 ConcurrentGCThread "G1 Refine#0" [stack: 0x000000916df00000,0x000000916e000000] [id=11688]
  0x0000027aaa2fdef0 ConcurrentGCThread "G1 Service" [stack: 0x000000916e000000,0x000000916e100000] [id=10548]

Threads with active compile tasks:

VM state: not at safepoint (normal execution)

VM Mutex/Monitor currently owned by a thread:  ([mutex/lock_event])
[0x0000027aaa250300] Metaspace_lock - owner thread: 0x0000027aaa2551f0

Heap address: 0x0000000742400000, size: 3036 MB, Compressed Oops mode: Zero based, Oop shift amount: 3

CDS archive(s) mapped at: [0x0000000800000000-0x0000000800bc0000-0x0000000800bc0000), size 12320768, SharedBaseAddress: 0x0000000800000000, ArchiveRelocationMode: 0.
Compressed class space mapped at: 0x0000000800c00000-0x0000000840c00000, reserved size: 1073741824
Narrow klass base: 0x0000000800000000, Narrow klass shift: 0, Narrow klass range: 0x100000000

GC Precious Log:
 CPUs: 8 total, 8 available
 Memory: 12136M
 Large Page Support: Disabled
 NUMA Support: Disabled
 Compressed Oops: Enabled (Zero based)
 Heap Region Size: 2M
 Heap Min Capacity: 8M
 Heap Initial Capacity: 190M
 Heap Max Capacity: 3036M
 Pre-touch: Disabled
 Parallel Workers: 8
 Concurrent Workers: 2
 Concurrent Refinement Workers: 8
 Periodic GC: Disabled

Heap:
 garbage-first heap   total 194560K, used 12288K [0x0000000742400000, 0x0000000800000000)
  region size 2048K, 8 young (16384K), 0 survivors (0K)
 Metaspace       used 3484K, committed 3648K, reserved 1056768K
  class space    used 420K, committed 512K, reserved 1048576K

Heap Regions: E=young(eden), S=young(survivor), O=old, HS=humongous(starts), HC=humongous(continues), CS=collection set, F=free, OA=open archive, CA=closed archive, TAMS=top-at-mark-start (previous, next)
|   0|0x0000000742400000, 0x0000000742400000, 0x0000000742600000|  0%| F|  |TAMS 0x0000000742400000, 0x0000000742400000| Untracked 
|   1|0x0000000742600000, 0x0000000742600000, 0x0000000742800000|  0%| F|  |TAMS 0x0000000742600000, 0x0000000742600000| Untracked 
|   2|0x0000000742800000, 0x0000000742800000, 0x0000000742a00000|  0%| F|  |TAMS 0x0000000742800000, 0x0000000742800000| Untracked 
|   3|0x0000000742a00000, 0x0000000742a00000, 0x0000000742c00000|  0%| F|  |TAMS 0x0000000742a00000, 0x0000000742a00000| Untracked 
|   4|0x0000000742c00000, 0x0000000742c00000, 0x0000000742e00000|  0%| F|  |TAMS 0x0000000742c00000, 0x0000000742c00000| Untracked 
|   5|0x0000000742e00000, 0x0000000742e00000, 0x0000000743000000|  0%| F|  |TAMS 0x0000000742e00000, 0x0000000742e00000| Untracked 
|   6|0x0000000743000000, 0x0000000743000000, 0x0000000743200000|  0%| F|  |TAMS 0x0000000743000000, 0x0000000743000000| Untracked 
|   7|0x0000000743200000, 0x0000000743200000, 0x0000000743400000|  0%| F|  |TAMS 0x0000000743200000, 0x0000000743200000| Untracked 
|   8|0x0000000743400000, 0x0000000743400000, 0x0000000743600000|  0%| F|  |TAMS 0x0000000743400000, 0x0000000743400000| Untracked 
|   9|0x0000000743600000, 0x0000000743600000, 0x0000000743800000|  0%| F|  |TAMS 0x0000000743600000, 0x0000000743600000| Untracked 
|  10|0x0000000743800000, 0x0000000743800000, 0x0000000743a00000|  0%| F|  |TAMS 0x0000000743800000, 0x0000000743800000| Untracked 
|  11|0x0000000743a00000, 0x0000000743a00000, 0x0000000743c00000|  0%| F|  |TAMS 0x0000000743a00000, 0x0000000743a00000| Untracked 
|  12|0x0000000743c00000, 0x0000000743c00000, 0x0000000743e00000|  0%| F|  |TAMS 0x0000000743c00000, 0x0000000743c00000| Untracked 
|  13|0x0000000743e00000, 0x0000000743e00000, 0x0000000744000000|  0%| F|  |TAMS 0x0000000743e00000, 0x0000000743e00000| Untracked 
|  14|0x0000000744000000, 0x0000000744000000, 0x0000000744200000|  0%| F|  |TAMS 0x0000000744000000, 0x0000000744000000| Untracked 
|  15|0x0000000744200000, 0x0000000744200000, 0x0000000744400000|  0%| F|  |TAMS 0x0000000744200000, 0x0000000744200000| Untracked 
|  16|0x0000000744400000, 0x0000000744400000, 0x0000000744600000|  0%| F|  |TAMS 0x0000000744400000, 0x0000000744400000| Untracked 
|  17|0x0000000744600000, 0x0000000744600000, 0x0000000744800000|  0%| F|  |TAMS 0x0000000744600000, 0x0000000744600000| Untracked 
|  18|0x0000000744800000, 0x0000000744800000, 0x0000000744a00000|  0%| F|  |TAMS 0x0000000744800000, 0x0000000744800000| Untracked 
|  19|0x0000000744a00000, 0x0000000744a00000, 0x0000000744c00000|  0%| F|  |TAMS 0x0000000744a00000, 0x0000000744a00000| Untracked 
|  20|0x0000000744c00000, 0x0000000744c00000, 0x0000000744e00000|  0%| F|  |TAMS 0x0000000744c00000, 0x0000000744c00000| Untracked 
|  21|0x0000000744e00000, 0x0000000744e00000, 0x0000000745000000|  0%| F|  |TAMS 0x0000000744e00000, 0x0000000744e00000| Untracked 
|  22|0x0000000745000000, 0x0000000745000000, 0x0000000745200000|  0%| F|  |TAMS 0x0000000745000000, 0x0000000745000000| Untracked 
|  23|0x0000000745200000, 0x0000000745200000, 0x0000000745400000|  0%| F|  |TAMS 0x0000000745200000, 0x0000000745200000| Untracked 
|  24|0x0000000745400000, 0x0000000745400000, 0x0000000745600000|  0%| F|  |TAMS 0x0000000745400000, 0x0000000745400000| Untracked 
|  25|0x0000000745600000, 0x0000000745600000, 0x0000000745800000|  0%| F|  |TAMS 0x0000000745600000, 0x0000000745600000| Untracked 
|  26|0x0000000745800000, 0x0000000745800000, 0x0000000745a00000|  0%| F|  |TAMS 0x0000000745800000, 0x0000000745800000| Untracked 
|  27|0x0000000745a00000, 0x0000000745a00000, 0x0000000745c00000|  0%| F|  |TAMS 0x0000000745a00000, 0x0000000745a00000| Untracked 
|  28|0x0000000745c00000, 0x0000000745c00000, 0x0000000745e00000|  0%| F|  |TAMS 0x0000000745c00000, 0x0000000745c00000| Untracked 
|  29|0x0000000745e00000, 0x0000000745e00000, 0x0000000746000000|  0%| F|  |TAMS 0x0000000745e00000, 0x0000000745e00000| Untracked 
|  30|0x0000000746000000, 0x0000000746000000, 0x0000000746200000|  0%| F|  |TAMS 0x0000000746000000, 0x0000000746000000| Untracked 
|  31|0x0000000746200000, 0x0000000746200000, 0x0000000746400000|  0%| F|  |TAMS 0x0000000746200000, 0x0000000746200000| Untracked 
|  32|0x0000000746400000, 0x0000000746400000, 0x0000000746600000|  0%| F|  |TAMS 0x0000000746400000, 0x0000000746400000| Untracked 
|  33|0x0000000746600000, 0x0000000746600000, 0x0000000746800000|  0%| F|  |TAMS 0x0000000746600000, 0x0000000746600000| Untracked 
|  34|0x0000000746800000, 0x0000000746800000, 0x0000000746a00000|  0%| F|  |TAMS 0x0000000746800000, 0x0000000746800000| Untracked 
|  35|0x0000000746a00000, 0x0000000746a00000, 0x0000000746c00000|  0%| F|  |TAMS 0x0000000746a00000, 0x0000000746a00000| Untracked 
|  36|0x0000000746c00000, 0x0000000746c00000, 0x0000000746e00000|  0%| F|  |TAMS 0x0000000746c00000, 0x0000000746c00000| Untracked 
|  37|0x0000000746e00000, 0x0000000746e00000, 0x0000000747000000|  0%| F|  |TAMS 0x0000000746e00000, 0x0000000746e00000| Untracked 
|  38|0x0000000747000000, 0x0000000747000000, 0x0000000747200000|  0%| F|  |TAMS 0x0000000747000000, 0x0000000747000000| Untracked 
|  39|0x0000000747200000, 0x0000000747200000, 0x0000000747400000|  0%| F|  |TAMS 0x0000000747200000, 0x0000000747200000| Untracked 
|  40|0x0000000747400000, 0x0000000747400000, 0x0000000747600000|  0%| F|  |TAMS 0x0000000747400000, 0x0000000747400000| Untracked 
|  41|0x0000000747600000, 0x0000000747600000, 0x0000000747800000|  0%| F|  |TAMS 0x0000000747600000, 0x0000000747600000| Untracked 
|  42|0x0000000747800000, 0x0000000747800000, 0x0000000747a00000|  0%| F|  |TAMS 0x0000000747800000, 0x0000000747800000| Untracked 
|  43|0x0000000747a00000, 0x0000000747a00000, 0x0000000747c00000|  0%| F|  |TAMS 0x0000000747a00000, 0x0000000747a00000| Untracked 
|  44|0x0000000747c00000, 0x0000000747c00000, 0x0000000747e00000|  0%| F|  |TAMS 0x0000000747c00000, 0x0000000747c00000| Untracked 
|  45|0x0000000747e00000, 0x0000000747e00000, 0x0000000748000000|  0%| F|  |TAMS 0x0000000747e00000, 0x0000000747e00000| Untracked 
|  46|0x0000000748000000, 0x0000000748000000, 0x0000000748200000|  0%| F|  |TAMS 0x0000000748000000, 0x0000000748000000| Untracked 
|  47|0x0000000748200000, 0x0000000748200000, 0x0000000748400000|  0%| F|  |TAMS 0x0000000748200000, 0x0000000748200000| Untracked 
|  48|0x0000000748400000, 0x0000000748400000, 0x0000000748600000|  0%| F|  |TAMS 0x0000000748400000, 0x0000000748400000| Untracked 
|  49|0x0000000748600000, 0x0000000748600000, 0x0000000748800000|  0%| F|  |TAMS 0x0000000748600000, 0x0000000748600000| Untracked 
|  50|0x0000000748800000, 0x0000000748800000, 0x0000000748a00000|  0%| F|  |TAMS 0x0000000748800000, 0x0000000748800000| Untracked 
|  51|0x0000000748a00000, 0x0000000748a00000, 0x0000000748c00000|  0%| F|  |TAMS 0x0000000748a00000, 0x0000000748a00000| Untracked 
|  52|0x0000000748c00000, 0x0000000748c00000, 0x0000000748e00000|  0%| F|  |TAMS 0x0000000748c00000, 0x0000000748c00000| Untracked 
|  53|0x0000000748e00000, 0x0000000748e00000, 0x0000000749000000|  0%| F|  |TAMS 0x0000000748e00000, 0x0000000748e00000| Untracked 
|  54|0x0000000749000000, 0x0000000749000000, 0x0000000749200000|  0%| F|  |TAMS 0x0000000749000000, 0x0000000749000000| Untracked 
|  55|0x0000000749200000, 0x0000000749200000, 0x0000000749400000|  0%| F|  |TAMS 0x0000000749200000, 0x0000000749200000| Untracked 
|  56|0x0000000749400000, 0x0000000749400000, 0x0000000749600000|  0%| F|  |TAMS 0x0000000749400000, 0x0000000749400000| Untracked 
|  57|0x0000000749600000, 0x0000000749600000, 0x0000000749800000|  0%| F|  |TAMS 0x0000000749600000, 0x0000000749600000| Untracked 
|  58|0x0000000749800000, 0x0000000749800000, 0x0000000749a00000|  0%| F|  |TAMS 0x0000000749800000, 0x0000000749800000| Untracked 
|  59|0x0000000749a00000, 0x0000000749a00000, 0x0000000749c00000|  0%| F|  |TAMS 0x0000000749a00000, 0x0000000749a00000| Untracked 
|  60|0x0000000749c00000, 0x0000000749c00000, 0x0000000749e00000|  0%| F|  |TAMS 0x0000000749c00000, 0x0000000749c00000| Untracked 
|  61|0x0000000749e00000, 0x0000000749e00000, 0x000000074a000000|  0%| F|  |TAMS 0x0000000749e00000, 0x0000000749e00000| Untracked 
|  62|0x000000074a000000, 0x000000074a000000, 0x000000074a200000|  0%| F|  |TAMS 0x000000074a000000, 0x000000074a000000| Untracked 
|  63|0x000000074a200000, 0x000000074a200000, 0x000000074a400000|  0%| F|  |TAMS 0x000000074a200000, 0x000000074a200000| Untracked 
|  64|0x000000074a400000, 0x000000074a400000, 0x000000074a600000|  0%| F|  |TAMS 0x000000074a400000, 0x000000074a400000| Untracked 
|  65|0x000000074a600000, 0x000000074a600000, 0x000000074a800000|  0%| F|  |TAMS 0x000000074a600000, 0x000000074a600000| Untracked 
|  66|0x000000074a800000, 0x000000074a800000, 0x000000074aa00000|  0%| F|  |TAMS 0x000000074a800000, 0x000000074a800000| Untracked 
|  67|0x000000074aa00000, 0x000000074aa00000, 0x000000074ac00000|  0%| F|  |TAMS 0x000000074aa00000, 0x000000074aa00000| Untracked 
|  68|0x000000074ac00000, 0x000000074ac00000, 0x000000074ae00000|  0%| F|  |TAMS 0x000000074ac00000, 0x000000074ac00000| Untracked 
|  69|0x000000074ae00000, 0x000000074ae00000, 0x000000074b000000|  0%| F|  |TAMS 0x000000074ae00000, 0x000000074ae00000| Untracked 
|  70|0x000000074b000000, 0x000000074b000000, 0x000000074b200000|  0%| F|  |TAMS 0x000000074b000000, 0x000000074b000000| Untracked 
|  71|0x000000074b200000, 0x000000074b200000, 0x000000074b400000|  0%| F|  |TAMS 0x000000074b200000, 0x000000074b200000| Untracked 
|  72|0x000000074b400000, 0x000000074b400000, 0x000000074b600000|  0%| F|  |TAMS 0x000000074b400000, 0x000000074b400000| Untracked 
|  73|0x000000074b600000, 0x000000074b600000, 0x000000074b800000|  0%| F|  |TAMS 0x000000074b600000, 0x000000074b600000| Untracked 
|  74|0x000000074b800000, 0x000000074b800000, 0x000000074ba00000|  0%| F|  |TAMS 0x000000074b800000, 0x000000074b800000| Untracked 
|  75|0x000000074ba00000, 0x000000074ba00000, 0x000000074bc00000|  0%| F|  |TAMS 0x000000074ba00000, 0x000000074ba00000| Untracked 
|  76|0x000000074bc00000, 0x000000074bc00000, 0x000000074be00000|  0%| F|  |TAMS 0x000000074bc00000, 0x000000074bc00000| Untracked 
|  77|0x000000074be00000, 0x000000074be00000, 0x000000074c000000|  0%| F|  |TAMS 0x000000074be00000, 0x000000074be00000| Untracked 
|  78|0x000000074c000000, 0x000000074c000000, 0x000000074c200000|  0%| F|  |TAMS 0x000000074c000000, 0x000000074c000000| Untracked 
|  79|0x000000074c200000, 0x000000074c200000, 0x000000074c400000|  0%| F|  |TAMS 0x000000074c200000, 0x000000074c200000| Untracked 
|  80|0x000000074c400000, 0x000000074c400000, 0x000000074c600000|  0%| F|  |TAMS 0x000000074c400000, 0x000000074c400000| Untracked 
|  81|0x000000074c600000, 0x000000074c600000, 0x000000074c800000|  0%| F|  |TAMS 0x000000074c600000, 0x000000074c600000| Untracked 
|  82|0x000000074c800000, 0x000000074c800000, 0x000000074ca00000|  0%| F|  |TAMS 0x000000074c800000, 0x000000074c800000| Untracked 
|  83|0x000000074ca00000, 0x000000074ca00000, 0x000000074cc00000|  0%| F|  |TAMS 0x000000074ca00000, 0x000000074ca00000| Untracked 
|  84|0x000000074cc00000, 0x000000074cc00000, 0x000000074ce00000|  0%| F|  |TAMS 0x000000074cc00000, 0x000000074cc00000| Untracked 
|  85|0x000000074ce00000, 0x000000074ce00000, 0x000000074d000000|  0%| F|  |TAMS 0x000000074ce00000, 0x000000074ce00000| Untracked 
|  86|0x000000074d000000, 0x000000074d000000, 0x000000074d200000|  0%| F|  |TAMS 0x000000074d000000, 0x000000074d000000| Untracked 
|  87|0x000000074d200000, 0x000000074d2e1cd0, 0x000000074d400000| 44%| E|  |TAMS 0x000000074d200000, 0x000000074d200000| Complete 
|  88|0x000000074d400000, 0x000000074d600000, 0x000000074d600000|100%| E|CS|TAMS 0x000000074d400000, 0x000000074d400000| Complete 
|  89|0x000000074d600000, 0x000000074d800000, 0x000000074d800000|100%| E|CS|TAMS 0x000000074d600000, 0x000000074d600000| Complete 
|  90|0x000000074d800000, 0x000000074da00000, 0x000000074da00000|100%| E|  |TAMS 0x000000074d800000, 0x000000074d800000| Complete 
|  91|0x000000074da00000, 0x000000074dc00000, 0x000000074dc00000|100%| E|CS|TAMS 0x000000074da00000, 0x000000074da00000| Complete 
|  92|0x000000074dc00000, 0x000000074de00000, 0x000000074de00000|100%| E|CS|TAMS 0x000000074dc00000, 0x000000074dc00000| Complete 
|  93|0x000000074de00000, 0x000000074e000000, 0x000000074e000000|100%| E|CS|TAMS 0x000000074de00000, 0x000000074de00000| Complete 
|  94|0x000000074e000000, 0x000000074e200000, 0x000000074e200000|100%| E|CS|TAMS 0x000000074e000000, 0x000000074e000000| Complete 

Card table byte_map: [0x0000027ab5430000,0x0000027ab5a20000] _byte_map_base: 0x0000027ab1a1e000

Marking Bits (Prev, Next): (CMBitMap*) 0x0000027aaa2ad5e0, (CMBitMap*) 0x0000027aaa2ad620
 Prev Bits: [0x0000027ab6010000, 0x0000027ab8f80000)
 Next Bits: [0x0000027ab8f80000, 0x0000027abbef0000)

Polling page: 0x0000027aa80e0000

Metaspace:

Usage:
  Non-class:      2.99 MB used.
      Class:    420.06 KB used.
       Both:      3.40 MB used.

Virtual space:
  Non-class space:        8.00 MB reserved,       3.06 MB ( 38%) committed,  1 nodes.
      Class space:        1.00 GB reserved,     512.00 KB ( <1%) committed,  1 nodes.
             Both:        1.01 GB reserved,       3.56 MB ( <1%) committed. 

Chunk freelists:
   Non-Class:  3.92 MB
       Class:  3.53 MB
        Both:  7.45 MB

MaxMetaspaceSize: unlimited
CompressedClassSpaceSize: 1.00 GB
Initial GC threshold: 21.00 MB
Current GC threshold: 21.00 MB
CDS: on
MetaspaceReclaimPolicy: balanced
 - commit_granule_bytes: 65536.
 - commit_granule_words: 8192.
 - virtual_space_node_default_size: 1048576.
 - enlarge_chunks_in_place: 1.
 - new_chunks_are_fully_committed: 0.
 - uncommit_free_chunks: 1.
 - use_allocation_guard: 0.
 - handle_deallocations: 1.


Internal statistics:

num_allocs_failed_limit: 0.
num_arena_births: 70.
num_arena_deaths: 0.
num_vsnodes_births: 2.
num_vsnodes_deaths: 0.
num_space_committed: 57.
num_space_uncommitted: 0.
num_chunks_returned_to_freelist: 0.
num_chunks_taken_from_freelist: 80.
num_chunk_merges: 0.
num_chunk_splits: 51.
num_chunks_enlarged: 28.
num_purges: 0.
num_inconsistent_stats: 0.

CodeCache: size=49152Kb used=3333Kb max_used=3333Kb free=45818Kb
 bounds [0x0000027ab1d30000, 0x0000027ab2080000, 0x0000027ab4d30000]
 total_blobs=1245 nmethods=817 adapters=354
 compilation: enabled
              stopped_count=0, restarted_count=0
 full_count=0

Compilation events (20 events):
Event: 0.345 Thread 0x0000027abf5b3560  807       1       sun.security.util.KnownOIDs::register (349 bytes)
Event: 0.345 Thread 0x0000027abf5b3a70  808       1       java.util.ArrayList::grow (60 bytes)
Event: 0.345 Thread 0x0000027abf5b3a70 nmethod 808 0x0000027ab206ad90 code [0x0000027ab206af40, 0x0000027ab206b278]
Event: 0.346 Thread 0x0000027abf5b3a70  809  s    1       java.util.Properties::put (10 bytes)
Event: 0.346 Thread 0x0000027abf5b3a70 nmethod 809 0x0000027ab206b390 code [0x0000027ab206b520, 0x0000027ab206b6c8]
Event: 0.346 Thread 0x0000027abf5b3a70  810       1       java.util.HashMap::entrySet (27 bytes)
Event: 0.346 Thread 0x0000027abf408230  811       1       java.util.HashMap$EntrySet::iterator (12 bytes)
Event: 0.346 Thread 0x0000027abf5b3a70 nmethod 810 0x0000027ab206b790 code [0x0000027ab206b920, 0x0000027ab206bb38]
Event: 0.346 Thread 0x0000027abf408230 nmethod 811 0x0000027ab206bc10 code [0x0000027ab206bda0, 0x0000027ab206bf48]
Event: 0.346 Thread 0x0000027abf5b3a70  812       1       java.util.HashMap$EntryIterator::<init> (11 bytes)
Event: 0.346 Thread 0x0000027abf5b3a70 nmethod 812 0x0000027ab206c010 code [0x0000027ab206c1a0, 0x0000027ab206c2c8]
Event: 0.347 Thread 0x0000027abf5b3560 nmethod 807 0x0000027ab206c390 code [0x0000027ab206c960, 0x0000027ab206e938]
Event: 0.348 Thread 0x0000027abf5b3560  814       1       jdk.internal.org.objectweb.asm.Frame::setLocal (65 bytes)
Event: 0.348 Thread 0x0000027abf5b3560 nmethod 814 0x0000027ab206ff10 code [0x0000027ab20700c0, 0x0000027ab20704a8]
Event: 0.348 Thread 0x0000027abf5b3560  815       1       jdk.internal.org.objectweb.asm.Frame::pop (53 bytes)
Event: 0.349 Thread 0x0000027abf5b3a70  816       1       java.lang.StringBuilder::append (8 bytes)
Event: 0.349 Thread 0x0000027abf408230  817       1       java.lang.AbstractStringBuilder::append (55 bytes)
Event: 0.349 Thread 0x0000027abf5b3a70 nmethod 816 0x0000027ab2070610 code [0x0000027ab20707a0, 0x0000027ab2070888]
Event: 0.349 Thread 0x0000027abf5b3560 nmethod 815 0x0000027ab2070910 code [0x0000027ab2070b00, 0x0000027ab2070e18]
Event: 0.349 Thread 0x0000027abf408230 nmethod 817 0x0000027ab2071090 code [0x0000027ab2071240, 0x0000027ab20713f8]

GC Heap History (0 events):
No events

Dll operation events (11 events):
Event: 0.007 Loaded shared library C:\Users\eri\.jdks\corretto-17.0.5\bin\java.dll
Event: 0.015 Loaded shared library C:\Users\eri\.jdks\corretto-17.0.5\bin\jsvml.dll
Event: 0.113 Loaded shared library C:\Users\eri\.jdks\corretto-17.0.5\bin\zip.dll
Event: 0.114 Loaded shared library C:\Users\eri\.jdks\corretto-17.0.5\bin\instrument.dll
Event: 0.119 Loaded shared library C:\Users\eri\.jdks\corretto-17.0.5\bin\net.dll
Event: 0.120 Loaded shared library C:\Users\eri\.jdks\corretto-17.0.5\bin\nio.dll
Event: 0.123 Loaded shared library C:\Users\eri\.jdks\corretto-17.0.5\bin\zip.dll
Event: 0.207 Loaded shared library C:\Program Files\JetBrains\IntelliJ IDEA 2022.2.1\bin\breakgen64.dll
Event: 0.210 Loaded shared library C:\Users\eri\.jdks\corretto-17.0.5\bin\jimage.dll
Event: 0.224 Loaded shared library C:\Users\eri\.jdks\corretto-17.0.5\bin\management.dll
Event: 0.231 Loaded shared library C:\Users\eri\.jdks\corretto-17.0.5\bin\management_ext.dll

Deoptimization events (0 events):
No events

Classes unloaded (0 events):
No events

Classes redefined (0 events):
No events

Internal exceptions (8 events):
Event: 0.210 Thread 0x0000027abfbc9940 Exception <a 'java/lang/NoSuchMethodError'{0x000000074d7a4408}: 'java.lang.Object java.lang.invoke.DirectMethodHandle$Holder.invokeStaticInit(java.lang.Object)'> (0x000000074d7a4408) 
thrown [s\src\hotspot\share\interpreter\linkResolver.cpp, line 759]
Event: 0.215 Thread 0x0000027abfbc9940 Exception <a 'java/lang/NoSuchMethodError'{0x000000074d7b2068}: 'void java.lang.invoke.DirectMethodHandle$Holder.invokeStatic(java.lang.Object, java.lang.Object)'> (0x000000074d7b2068) 
thrown [s\src\hotspot\share\interpreter\linkResolver.cpp, line 759]
Event: 0.234 Thread 0x0000027aaa2551f0 Exception <a 'java/lang/NoSuchMethodError'{0x000000074d775768}: 'int java.lang.invoke.DirectMethodHandle$Holder.invokeInterface(java.lang.Object, java.lang.Object)'> (0x000000074d775768) 
thrown [s\src\hotspot\share\interpreter\linkResolver.cpp, line 759]
Event: 0.234 Thread 0x0000027aaa2551f0 Exception <a 'java/lang/IncompatibleClassChangeError'{0x000000074d778d68}: Found class java.lang.Object, but interface was expected> (0x000000074d778d68) 
thrown [s\src\hotspot\share\interpreter\linkResolver.cpp, line 826]
Event: 0.271 Thread 0x0000027aaa2551f0 Exception <a 'java/lang/NoSuchMethodError'{0x000000074d4a47e0}: 'int java.lang.invoke.DirectMethodHandle$Holder.invokeSpecial(java.lang.Object, java.lang.Object, java.lang.Object)'> (0x000000074d4a47e0) 
thrown [s\src\hotspot\share\interpreter\linkResolver.cpp, line 759]
Event: 0.310 Thread 0x0000027aaa2551f0 Exception <a 'java/lang/NoSuchMethodError'{0x000000074d59e930}: 'void java.lang.invoke.DirectMethodHandle$Holder.invokeStatic(java.lang.Object, java.lang.Object, java.lang.Object)'> (0x000000074d59e930) 
thrown [s\src\hotspot\share\interpreter\linkResolver.cpp, line 759]
Event: 0.321 Thread 0x0000027aaa2551f0 Exception <a 'java/lang/NoSuchMethodError'{0x000000074d2183f0}: 'int java.lang.invoke.DirectMethodHandle$Holder.invokeSpecialIFC(java.lang.Object, java.lang.Object, java.lang.Object)'> (0x000000074d2183f0) 
thrown [s\src\hotspot\share\interpreter\linkResolver.cpp, line 759]
Event: 0.348 Thread 0x0000027aaa2551f0 Exception <a 'java/lang/NoSuchMethodError'{0x000000074d28e150}: 'java.lang.Object java.lang.invoke.DirectMethodHandle$Holder.invokeStaticInit(java.lang.Object, int, int, int, int)'> (0x000000074d28e150) 
thrown [s\src\hotspot\share\interpreter\linkResolver.cpp, line 759]

VM Operations (10 events):
Event: 0.104 Executing VM operation: HandshakeAllThreads
Event: 0.104 Executing VM operation: HandshakeAllThreads done
Event: 0.209 Executing VM operation: HandshakeAllThreads
Event: 0.209 Executing VM operation: HandshakeAllThreads done
Event: 0.237 Executing VM operation: HandshakeAllThreads
Event: 0.237 Executing VM operation: HandshakeAllThreads done
Event: 0.238 Executing VM operation: HandshakeAllThreads
Event: 0.238 Executing VM operation: HandshakeAllThreads done
Event: 0.334 Executing VM operation: HandshakeAllThreads
Event: 0.334 Executing VM operation: HandshakeAllThreads done

Events (20 events):
Event: 0.348 loading class sun/security/provider/EntropySource
Event: 0.348 loading class sun/security/provider/EntropySource done
Event: 0.349 loading class java/security/DrbgParameters$NextBytes
Event: 0.349 loading class java/security/DrbgParameters$NextBytes done
Event: 0.349 loading class sun/security/provider/AbstractDrbg$SeederHolder
Event: 0.349 loading class sun/security/provider/AbstractDrbg$SeederHolder done
Event: 0.349 loading class sun/security/provider/SeedGenerator
Event: 0.349 loading class sun/security/provider/SeedGenerator done
Event: 0.349 loading class sun/security/provider/NativeSeedGenerator
Event: 0.349 loading class sun/security/provider/NativeSeedGenerator done
Event: 0.352 loading class java/security/MessageDigest
Event: 0.352 loading class java/security/MessageDigestSpi
Event: 0.352 loading class java/security/MessageDigestSpi done
Event: 0.352 loading class java/security/MessageDigest done
Event: 0.352 loading class sun/security/jca/GetInstance
Event: 0.352 loading class sun/security/jca/GetInstance done
Event: 0.352 loading class sun/security/provider/SHA
Event: 0.352 loading class sun/security/provider/DigestBase
Event: 0.352 loading class sun/security/provider/DigestBase done
Event: 0.352 loading class sun/security/provider/SHA done


Dynamic libraries:
0x00007ff6db3c0000 - 0x00007ff6db3cd000 	C:\Users\eri\.jdks\corretto-17.0.5\bin\java.exe
0x00007ff8af600000 - 0x00007ff8af7ed000 	C:\Windows\SYSTEM32\ntdll.dll
0x00007ff8ac900000 - 0x00007ff8ac9b3000 	C:\Windows\System32\KERNEL32.DLL
0x00007ff8ac310000 - 0x00007ff8ac5a3000 	C:\Windows\System32\KERNELBASE.dll
0x00007ff8ac6a0000 - 0x00007ff8ac79c000 	C:\Windows\System32\ucrtbase.dll
0x00007ff8964c0000 - 0x00007ff8964d5000 	C:\Users\eri\.jdks\corretto-17.0.5\bin\VCRUNTIME140.dll
0x00007ff89f970000 - 0x00007ff89f987000 	C:\Users\eri\.jdks\corretto-17.0.5\bin\jli.dll
0x00007ff8af1c0000 - 0x00007ff8af357000 	C:\Windows\System32\USER32.dll
0x00007ff895770000 - 0x00007ff8959e9000 	C:\Windows\WinSxS\amd64_microsoft.windows.common-controls_6595b64144ccf1df_6.0.17763.1_none_f040600eff408c2d\COMCTL32.dll
0x00007ff8ac150000 - 0x00007ff8ac170000 	C:\Windows\System32\win32u.dll
0x00007ff8af530000 - 0x00007ff8af5ce000 	C:\Windows\System32\msvcrt.dll
0x00007ff8ac9c0000 - 0x00007ff8ac9e9000 	C:\Windows\System32\GDI32.dll
0x00007ff8acf60000 - 0x00007ff8ad28e000 	C:\Windows\System32\combase.dll
0x00007ff8ac170000 - 0x00007ff8ac30a000 	C:\Windows\System32\gdi32full.dll
0x00007ff8ad450000 - 0x00007ff8ad573000 	C:\Windows\System32\RPCRT4.dll
0x00007ff8ac5b0000 - 0x00007ff8ac650000 	C:\Windows\System32\msvcp_win.dll
0x00007ff8ac020000 - 0x00007ff8ac09e000 	C:\Windows\System32\bcryptPrimitives.dll
0x00007ff8acd00000 - 0x00007ff8acd2e000 	C:\Windows\System32\IMM32.DLL
0x00007ff85bd50000 - 0x00007ff85bdeb000 	C:\Users\eri\.jdks\corretto-17.0.5\bin\msvcp140.dll
0x00007ff839da0000 - 0x00007ff83a9b4000 	C:\Users\eri\.jdks\corretto-17.0.5\bin\server\jvm.dll
0x00007ff8ac9f0000 - 0x00007ff8aca93000 	C:\Windows\System32\ADVAPI32.dll
0x00007ff8acde0000 - 0x00007ff8ace7e000 	C:\Windows\System32\sechost.dll
0x00007ff8a4f10000 - 0x00007ff8a4f19000 	C:\Windows\SYSTEM32\WSOCK32.dll
0x00007ff8a9620000 - 0x00007ff8a9644000 	C:\Windows\SYSTEM32\WINMM.dll
0x00007ff8a3c90000 - 0x00007ff8a3c9a000 	C:\Windows\SYSTEM32\VERSION.dll
0x00007ff8acc90000 - 0x00007ff8accfd000 	C:\Windows\System32\WS2_32.dll
0x00007ff8a9280000 - 0x00007ff8a92ad000 	C:\Windows\SYSTEM32\winmmbase.dll
0x00007ff8ac650000 - 0x00007ff8ac69a000 	C:\Windows\System32\cfgmgr32.dll
0x00007ff8ab600000 - 0x00007ff8ab611000 	C:\Windows\System32\kernel.appcore.dll
0x00007ff89f960000 - 0x00007ff89f96a000 	C:\Users\eri\.jdks\corretto-17.0.5\bin\jimage.dll
0x00007ff8a4880000 - 0x00007ff8a4a6d000 	C:\Windows\SYSTEM32\DBGHELP.DLL
0x00007ff899cb0000 - 0x00007ff899cda000 	C:\Windows\SYSTEM32\dbgcore.DLL
0x00007ff8a4130000 - 0x00007ff8a413e000 	C:\Users\eri\.jdks\corretto-17.0.5\bin\instrument.dll
0x00007ff896490000 - 0x00007ff8964b5000 	C:\Users\eri\.jdks\corretto-17.0.5\bin\java.dll
0x00007ff84be90000 - 0x00007ff84bf66000 	C:\Users\eri\.jdks\corretto-17.0.5\bin\jsvml.dll
0x00007ff8ad6c0000 - 0x00007ff8aebaf000 	C:\Windows\System32\SHELL32.dll
0x00007ff8ace80000 - 0x00007ff8acf28000 	C:\Windows\System32\shcore.dll
0x00007ff8ab6d0000 - 0x00007ff8abe18000 	C:\Windows\System32\windows.storage.dll
0x00007ff8ab620000 - 0x00007ff8ab644000 	C:\Windows\System32\profapi.dll
0x00007ff8ab670000 - 0x00007ff8ab6cd000 	C:\Windows\System32\powrprof.dll
0x00007ff8af360000 - 0x00007ff8af3b2000 	C:\Windows\System32\shlwapi.dll
0x00007ff8ac000000 - 0x00007ff8ac017000 	C:\Windows\System32\cryptsp.dll
0x00007ff889930000 - 0x00007ff889948000 	C:\Users\eri\.jdks\corretto-17.0.5\bin\zip.dll
0x00007ff88a020000 - 0x00007ff88a039000 	C:\Users\eri\.jdks\corretto-17.0.5\bin\net.dll
0x00007ff8a0380000 - 0x00007ff8a0471000 	C:\Windows\SYSTEM32\WINHTTP.dll
0x00007ff8aade0000 - 0x00007ff8aae47000 	C:\Windows\system32\mswsock.dll
0x00007ff889950000 - 0x00007ff889965000 	C:\Users\eri\.jdks\corretto-17.0.5\bin\nio.dll
0x00007ff8a07f0000 - 0x00007ff8a080a000 	C:\Program Files\JetBrains\IntelliJ IDEA 2022.2.1\bin\breakgen64.dll
0x00007ff8aab90000 - 0x00007ff8aac56000 	C:\Windows\SYSTEM32\DNSAPI.dll
0x00007ff8acf50000 - 0x00007ff8acf58000 	C:\Windows\System32\NSI.dll
0x00007ff8aab50000 - 0x00007ff8aab8d000 	C:\Windows\SYSTEM32\IPHLPAPI.DLL
0x00007ff8a0540000 - 0x00007ff8a054a000 	C:\Windows\System32\rasadhlp.dll
0x00007ff8a0860000 - 0x00007ff8a08d9000 	C:\Windows\System32\fwpuclnt.dll
0x00007ff8ac7a0000 - 0x00007ff8ac7c6000 	C:\Windows\System32\bcrypt.dll
0x00007ff8a4150000 - 0x00007ff8a4159000 	C:\Users\eri\.jdks\corretto-17.0.5\bin\management.dll
0x00007ff8a4140000 - 0x00007ff8a414b000 	C:\Users\eri\.jdks\corretto-17.0.5\bin\management_ext.dll
0x00007ff8acb20000 - 0x00007ff8acb28000 	C:\Windows\System32\PSAPI.DLL
0x00007ff8aa9b0000 - 0x00007ff8aa9e3000 	C:\Windows\system32\rsaenh.dll
0x00007ff8ab530000 - 0x00007ff8ab558000 	C:\Windows\SYSTEM32\USERENV.dll
0x00007ff8aaf60000 - 0x00007ff8aaf6c000 	C:\Windows\SYSTEM32\CRYPTBASE.dll

dbghelp: loaded successfully - version: 4.0.5 - missing functions: none
symbol engine: initialized successfully - sym options: 0x614 - pdb path: .;C:\Users\eri\.jdks\corretto-17.0.5\bin;C:\Windows\SYSTEM32;C:\Windows\WinSxS\amd64_microsoft.windows.common-controls_6595b64144ccf1df_6.0.17763.1_none_f040600eff408c2d;C:\Users\eri\.jdks\corretto-17.0.5\bin\server;C:\Program Files\JetBrains\IntelliJ IDEA 2022.2.1\bin

VM Arguments:
jvm_args: -XX:TieredStopAtLevel=1 -Dspring.output.ansi.enabled=always -Dcom.sun.management.jmxremote -Dspring.jmx.enabled=true -Dspring.liveBeansView.mbeanDomain -Dspring.application.admin.enabled=true -javaagent:C:\Program Files\JetBrains\IntelliJ IDEA 2022.2.1\lib\idea_rt.jar=13510:C:\Program Files\JetBrains\IntelliJ IDEA 2022.2.1\bin -Dfile.encoding=UTF-8 
java_command: com.usuario.service.UsuarioServiceApplication
java_class_path (initial): C:\Users\eri\Desktop\Arquitectura-De-Microservicios\usuario-service\target\classes;C:\Users\eri\.m2\repository\org\springframework\boot\spring-boot-starter-data-jpa\2.5.4\spring-boot-starter-data-jpa-2.5.4.jar;C:\Users\eri\.m2\repository\org\springframework\boot\spring-boot-starter-jdbc\2.5.4\spring-boot-starter-jdbc-2.5.4.jar;C:\Users\eri\.m2\repository\com\zaxxer\HikariCP\4.0.3\HikariCP-4.0.3.jar;C:\Users\eri\.m2\repository\org\springframework\spring-jdbc\5.3.9\spring-jdbc-5.3.9.jar;C:\Users\eri\.m2\repository\jakarta\transaction\jakarta.transaction-api\1.3.3\jakarta.transaction-api-1.3.3.jar;C:\Users\eri\.m2\repository\jakarta\persistence\jakarta.persistence-api\2.2.3\jakarta.persistence-api-2.2.3.jar;C:\Users\eri\.m2\repository\org\hibernate\hibernate-core\5.4.32.Final\hibernate-core-5.4.32.Final.jar;C:\Users\eri\.m2\repository\org\jboss\logging\jboss-logging\3.4.2.Final\jboss-logging-3.4.2.Final.jar;C:\Users\eri\.m2\repository\org\javassist\javassist\3.27.0-GA\javassist-3.27.0-GA.jar;C:\Users\eri\.m2\repository\net\bytebuddy\byte-buddy\1.10.22\byte-buddy-1.10.22.jar;C:\Users\eri\.m2\repository\antlr\antlr\2.7.7\antlr-2.7.7.jar;C:\Users\eri\.m2\repository\org\jboss\jandex\2.2.3.Final\jandex-2.2.3.Final.jar;C:\Users\eri\.m2\repository\com\fasterxml\classmate\1.5.1\classmate-1.5.1.jar;C:\Users\eri\.m2\repository\org\dom4j\dom4j\2.1.3\dom4j-2.1.3.jar;C:\Users\eri\.m2\repository\org\hibernate\common\hibernate-commons-annotations\5.1.2.Final\hibernate-commons-annotations-5.1.2.Final.jar;C:\Users\eri\.m2\repository\org\glassfish\jaxb\jaxb-runtime\2.3.5\jaxb-runtime-2.3.5.jar;C:\Users\eri\.m2\repository\org\glassfish\jaxb\txw2\2.3.5\txw2-2.3.5.jar;C:\Users\eri\.m2\repository\com\sun\istack\istack-commons-runtime\3.0.12\istack-commons-runtime-3.0.12.jar;C:\Users\eri\.m2\repository\com\sun\activation\jakarta.activation\1.2.2\jakarta.activation-1.2.2.jar;C:\Users\eri\.m2\repository\org\springframework\data\spring-data-jpa\2.5.4\spring-data-jpa
Launcher Type: SUN_STANDARD

[Global flags]
     intx CICompilerCount                          = 4                                         {product} {ergonomic}
     uint ConcGCThreads                            = 2                                         {product} {ergonomic}
     uint G1ConcRefinementThreads                  = 8                                         {product} {ergonomic}
   size_t G1HeapRegionSize                         = 2097152                                   {product} {ergonomic}
    uintx GCDrainStackTargetSize                   = 64                                        {product} {ergonomic}
   size_t InitialHeapSize                          = 199229440                                 {product} {ergonomic}
     bool ManagementServer                         = true                                      {product} {command line}
   size_t MarkStackSize                            = 4194304                                   {product} {ergonomic}
   size_t MaxHeapSize                              = 3183476736                                {product} {ergonomic}
   size_t MaxNewSize                               = 1908408320                                {product} {ergonomic}
   size_t MinHeapDeltaBytes                        = 2097152                                   {product} {ergonomic}
   size_t MinHeapSize                              = 8388608                                   {product} {ergonomic}
    uintx NonProfiledCodeHeapSize                  = 0                                      {pd product} {ergonomic}
     bool ProfileInterpreter                       = false                                  {pd product} {command line}
    uintx ProfiledCodeHeapSize                     = 0                                      {pd product} {ergonomic}
   size_t SoftMaxHeapSize                          = 3183476736                             {manageable} {ergonomic}
     intx TieredStopAtLevel                        = 1                                         {product} {command line}
     bool UseCompressedClassPointers               = true                           {product lp64_product} {ergonomic}
     bool UseCompressedOops                        = true                           {product lp64_product} {ergonomic}
     bool UseG1GC                                  = true                                      {product} {ergonomic}
     bool UseLargePagesIndividualAllocation        = false                                  {pd product} {ergonomic}

Logging:
Log output configuration:
 #0: stdout all=warning uptime,level,tags
 #1: stderr all=off uptime,level,tags

Environment Variables:
JAVA_HOME=C:\Program Files\Java\jdk-16.0.2
PATH=C:\Python310\Scripts\;C:\Python310\;C:\Python39\Scripts\;C:\Python39\;C:\Program Files\Common Files\Oracle\Java\javapath;C:\Windows\system32;C:\Windows;C:\Windows\System32\Wbem;C:\Windows\System32\WindowsPowerShell\v1.0\;C:\Windows\System32\OpenSSH\;C:\Program Files\Java\jdk-16.0.2\bin;C:\Program Files\Git\cmd;C:\ProgramData\chocolatey\bin;C:\xampp\php;C:\ProgramData\ComposerSetup\bin;C:\Program Files\nodejs\;C:\Program Files\Microsoft SQL Server\Client SDK\ODBC\170\Tools\Binn\;C:\Program Files (x86)\Microsoft SQL Server\150\Tools\Binn\;C:\Program Files\Microsoft SQL Server\150\Tools\Binn\;C:\Program Files\Microsoft SQL Server\150\DTS\Binn\;C:\Program Files (x86)\Microsoft SQL Server\150\DTS\Binn\;C:\Program Files\Azure Data Studio\bin;C:\Program Files\Docker\Docker\resources\bin;C:\Users\eri\AppData\Local\Microsoft\WindowsApps;C:\Users\eri\AppData\Local\Programs\Microsoft VS Code\bin;C:\Users\eri\AppData\Local\GitHubDesktop\bin;C:\Users\eri\AppData\Roaming\Composer\vendor\bin;C:\Users\eri\AppData\Roaming\npm;C:\Program Files\JetBrains\IntelliJ IDEA 2022.2.1\bin;;C:\Program Files\Azure Data Studio\bin;C:\Program Files\MongoDB\Server\6.0\bin;C:\mongosh-1.6.1\bin;
USERNAME=eri
OS=Windows_NT
PROCESSOR_IDENTIFIER=Intel64 Family 6 Model 142 Stepping 12, GenuineIntel
TMP=C:\Users\eri\AppData\Local\Temp
TEMP=C:\Users\eri\AppData\Local\Temp



---------------  S Y S T E M  ---------------

OS:
 Windows 10 , 64 bit Build 17763 (10.0.17763.1)
OS uptime: 0 days 0:24 hours
Hyper-V role detected

CPU: total 8 (initial active 8) (4 cores per cpu, 2 threads per core) family 6 model 142 stepping 12 microcode 0xb2, cx8, cmov, fxsr, ht, mmx, 3dnowpref, sse, sse2, sse3, ssse3, sse4.1, sse4.2, popcnt, lzcnt, tsc, tscinvbit, avx, avx2, aes, erms, clmul, bmi1, bmi2, adx, fma, vzeroupper, clflush, clflushopt, hv

Memory: 4k page, system-wide physical 12136M (1712M free)
TotalPageFile size 12136M (AvailPageFile size 5M)
current process WorkingSet (physical memory assigned to process): 53M, peak: 53M
current process commit charge ("private bytes"): 281M, peak: 281M

vm_info: OpenJDK 64-Bit Server VM (17.0.5+8-LTS) for windows-amd64 JRE (17.0.5+8-LTS), built on Oct 13 2022 05:18:14 by "Administrator" with MS VC++ 15.9 (VS2017)

END.
