#
# There is insufficient memory for the Java Runtime Environment to continue.
# Native memory allocation (mmap) failed to map 199229440 bytes for G1 virtual space
# Possible reasons:
#   The system is out of physical RAM or swap space
#   The process is running with CompressedOops enabled, and the Java Heap may be blocking the growth of the native heap
# Possible solutions:
#   Reduce memory load on the system
#   Increase physical memory or swap space
#   Check if swap backing store is full
#   Decrease Java heap size (-Xmx/-Xms)
#   Decrease number of Java threads
#   Decrease Java thread stack sizes (-Xss)
#   Set larger code cache with -XX:ReservedCodeCacheSize=
#   JVM is running with Zero Based Compressed Oops mode in which the Java heap is
#     placed in the first 32GB address space. The Java Heap base address is the
#     maximum limit for the native heap growth. Please use -XX:HeapBaseMinAddress
#     to set the Java Heap base and to place the Java Heap above 32GB virtual address.
# This output file may be truncated or incomplete.
#
#  Out of Memory Error (os_windows.cpp:3548), pid=14020, tid=14124
#
# JRE version:  (17.0.5+8) (build )
# Java VM: OpenJDK 64-Bit Server VM (17.0.5+8-LTS, mixed mode, emulated-client, sharing, tiered, compressed oops, compressed class ptrs, g1 gc, windows-amd64)
# No core dump will be written. Minidumps are not enabled by default on client versions of Windows
#

---------------  S U M M A R Y ------------

Command Line: -XX:TieredStopAtLevel=1 -Dspring.output.ansi.enabled=always -Dcom.sun.management.jmxremote -Dspring.jmx.enabled=true -Dspring.liveBeansView.mbeanDomain -Dspring.application.admin.enabled=true -javaagent:C:\Program Files\JetBrains\IntelliJ IDEA 2022.2.1\lib\idea_rt.jar=2989:C:\Program Files\JetBrains\IntelliJ IDEA 2022.2.1\bin -Dfile.encoding=UTF-8 com.moto.service.MotoServiceApplication

Host: Intel(R) Core(TM) i5-8265U CPU @ 1.60GHz, 8 cores, 11G,  Windows 10 , 64 bit Build 17763 (10.0.17763.1)
Time: Mon Jan  9 19:19:52 2023 Hora estándar de Argentina elapsed time: 0.034042 seconds (0d 0h 0m 0s)

---------------  T H R E A D  ---------------

Current thread (0x000001cd2365f630):  JavaThread "Unknown thread" [_thread_in_vm, id=14124, stack(0x00000075b1900000,0x00000075b1a00000)]

Stack: [0x00000075b1900000,0x00000075b1a00000]
Native frames: (J=compiled Java code, j=interpreted, Vv=VM code, C=native code)
V  [jvm.dll+0x646e0a]
V  [jvm.dll+0x7f7f14]
V  [jvm.dll+0x7f96ce]
V  [jvm.dll+0x7f9d23]
V  [jvm.dll+0x234c98]
V  [jvm.dll+0x643d6a]
V  [jvm.dll+0x63849a]
V  [jvm.dll+0x2f2ed9]
V  [jvm.dll+0x2fa066]
V  [jvm.dll+0x345a2a]
V  [jvm.dll+0x345c6f]
V  [jvm.dll+0x2c9378]
V  [jvm.dll+0x2ca309]
V  [jvm.dll+0x7cb681]
V  [jvm.dll+0x352eb1]
V  [jvm.dll+0x7abb8e]
V  [jvm.dll+0x3ce293]
V  [jvm.dll+0x3cfc91]
C  [jli.dll+0x519f]
C  [ucrtbase.dll+0x203ba]
C  [KERNEL32.DLL+0x17e94]
C  [ntdll.dll+0x67ad1]


---------------  P R O C E S S  ---------------

Threads class SMR info:
_java_thread_list=0x00007ffb867b6758, length=0, elements={
}

Java Threads: ( => current thread )

Other Threads:
  0x000001cd236b81d0 GCTaskThread "GC Thread#0" [stack: 0x00000075b1a00000,0x00000075b1b00000] [id=14156]
  0x000001cd236c4de0 ConcurrentGCThread "G1 Main Marker" [stack: 0x00000075b1b00000,0x00000075b1c00000] [id=14160]
  0x000001cd236c5700 ConcurrentGCThread "G1 Conc#0" [stack: 0x00000075b1c00000,0x00000075b1d00000] [id=14164]

[error occurred during error reporting (printing all threads), id 0xc0000005, EXCEPTION_ACCESS_VIOLATION (0xc0000005) at pc=0x00007ffb85faa567]

VM state: not at safepoint (not fully initialized)

VM Mutex/Monitor currently owned by a thread:  ([mutex/lock_event])
[0x000001cd2365a230] Heap_lock - owner thread: 0x000001cd2365f630

Heap address: 0x0000000742400000, size: 3036 MB, Compressed Oops mode: Zero based, Oop shift amount: 3

CDS archive(s) mapped at: [0x0000000000000000-0x0000000000000000-0x0000000000000000), size 0, SharedBaseAddress: 0x0000000800000000, ArchiveRelocationMode: 0.
Narrow klass base: 0x0000000000000000, Narrow klass shift: 0, Narrow klass range: 0x0

GC Precious Log:
<Empty>

Heap:
 garbage-first heap   total 0K, used 0K [0x0000000742400000, 0x0000000800000000)
  region size 2048K, 0 young (0K), 0 survivors (0K)

[error occurred during error reporting (printing heap information), id 0xc0000005, EXCEPTION_ACCESS_VIOLATION (0xc0000005) at pc=0x00007ffb8636e739]

GC Heap History (0 events):
No events

Dll operation events (1 events):
Event: 0.012 Loaded shared library C:\Users\eri\.jdks\corretto-17.0.5\bin\java.dll

Deoptimization events (0 events):
No events

Classes unloaded (0 events):
No events

Classes redefined (0 events):
No events

Internal exceptions (0 events):
No events

VM Operations (0 events):
No events

Events (0 events):
No events


Dynamic libraries:
0x00007ff70e0d0000 - 0x00007ff70e0dd000 	C:\Users\eri\.jdks\corretto-17.0.5\bin\java.exe
0x00007ffbec330000 - 0x00007ffbec51d000 	C:\Windows\SYSTEM32\ntdll.dll
0x00007ffbe9880000 - 0x00007ffbe9933000 	C:\Windows\System32\KERNEL32.DLL
0x00007ffbe84d0000 - 0x00007ffbe8763000 	C:\Windows\System32\KERNELBASE.dll
0x00007ffbe8fa0000 - 0x00007ffbe909c000 	C:\Windows\System32\ucrtbase.dll
0x00007ffbde080000 - 0x00007ffbde095000 	C:\Users\eri\.jdks\corretto-17.0.5\bin\VCRUNTIME140.dll
0x00007ffbde5f0000 - 0x00007ffbde607000 	C:\Users\eri\.jdks\corretto-17.0.5\bin\jli.dll
0x00007ffbe9640000 - 0x00007ffbe97d7000 	C:\Windows\System32\USER32.dll
0x00007ffbe8400000 - 0x00007ffbe8420000 	C:\Windows\System32\win32u.dll
0x00007ffbd0300000 - 0x00007ffbd0579000 	C:\Windows\WinSxS\amd64_microsoft.windows.common-controls_6595b64144ccf1df_6.0.17763.1_none_f040600eff408c2d\COMCTL32.dll
0x00007ffbebde0000 - 0x00007ffbebe7e000 	C:\Windows\System32\msvcrt.dll
0x00007ffbe9b40000 - 0x00007ffbe9b69000 	C:\Windows\System32\GDI32.dll
0x00007ffbebab0000 - 0x00007ffbebdde000 	C:\Windows\System32\combase.dll
0x00007ffbe9140000 - 0x00007ffbe92da000 	C:\Windows\System32\gdi32full.dll
0x00007ffbea120000 - 0x00007ffbea243000 	C:\Windows\System32\RPCRT4.dll
0x00007ffbe90a0000 - 0x00007ffbe9140000 	C:\Windows\System32\msvcp_win.dll
0x00007ffbe94c0000 - 0x00007ffbe953e000 	C:\Windows\System32\bcryptPrimitives.dll
0x00007ffbe9b70000 - 0x00007ffbe9b9e000 	C:\Windows\System32\IMM32.DLL
0x00007ffbbddd0000 - 0x00007ffbbde6b000 	C:\Users\eri\.jdks\corretto-17.0.5\bin\msvcp140.dll
0x00007ffb85cd0000 - 0x00007ffb868e4000 	C:\Users\eri\.jdks\corretto-17.0.5\bin\server\jvm.dll
0x00007ffbe9ba0000 - 0x00007ffbe9c43000 	C:\Windows\System32\ADVAPI32.dll
0x00007ffbe9940000 - 0x00007ffbe99de000 	C:\Windows\System32\sechost.dll
0x00007ffbe31c0000 - 0x00007ffbe31e4000 	C:\Windows\SYSTEM32\WINMM.dll
0x00007ffbe1b40000 - 0x00007ffbe1b49000 	C:\Windows\SYSTEM32\WSOCK32.dll
0x00007ffbe0980000 - 0x00007ffbe098a000 	C:\Windows\SYSTEM32\VERSION.dll
0x00007ffbea250000 - 0x00007ffbea2bd000 	C:\Windows\System32\WS2_32.dll
0x00007ffbe3190000 - 0x00007ffbe31bd000 	C:\Windows\SYSTEM32\winmmbase.dll
0x00007ffbe8480000 - 0x00007ffbe84ca000 	C:\Windows\System32\cfgmgr32.dll
0x00007ffbe83e0000 - 0x00007ffbe83f1000 	C:\Windows\System32\kernel.appcore.dll
0x00007ffbde5e0000 - 0x00007ffbde5ea000 	C:\Users\eri\.jdks\corretto-17.0.5\bin\jimage.dll
0x00007ffbe3ca0000 - 0x00007ffbe3e8d000 	C:\Windows\SYSTEM32\DBGHELP.DLL
0x00007ffbd42b0000 - 0x00007ffbd42da000 	C:\Windows\SYSTEM32\dbgcore.DLL
0x00007ffbd7720000 - 0x00007ffbd772e000 	C:\Users\eri\.jdks\corretto-17.0.5\bin\instrument.dll
0x00007ffbd7910000 - 0x00007ffbd7935000 	C:\Users\eri\.jdks\corretto-17.0.5\bin\java.dll

dbghelp: loaded successfully - version: 4.0.5 - missing functions: none
symbol engine: initialized successfully - sym options: 0x614 - pdb path: .;C:\Users\eri\.jdks\corretto-17.0.5\bin;C:\Windows\SYSTEM32;C:\Windows\WinSxS\amd64_microsoft.windows.common-controls_6595b64144ccf1df_6.0.17763.1_none_f040600eff408c2d;C:\Users\eri\.jdks\corretto-17.0.5\bin\server

VM Arguments:
jvm_args: -XX:TieredStopAtLevel=1 -Dspring.output.ansi.enabled=always -Dcom.sun.management.jmxremote -Dspring.jmx.enabled=true -Dspring.liveBeansView.mbeanDomain -Dspring.application.admin.enabled=true -javaagent:C:\Program Files\JetBrains\IntelliJ IDEA 2022.2.1\lib\idea_rt.jar=2989:C:\Program Files\JetBrains\IntelliJ IDEA 2022.2.1\bin -Dfile.encoding=UTF-8 
java_command: com.moto.service.MotoServiceApplication
java_class_path (initial): C:\Users\eri\Desktop\microservicios-tutorial\moto-service\target\classes;C:\Users\eri\.m2\repository\org\springframework\boot\spring-boot-starter-data-jpa\2.5.4\spring-boot-starter-data-jpa-2.5.4.jar;C:\Users\eri\.m2\repository\org\springframework\boot\spring-boot-starter-aop\2.5.4\spring-boot-starter-aop-2.5.4.jar;C:\Users\eri\.m2\repository\org\springframework\spring-aop\5.3.9\spring-aop-5.3.9.jar;C:\Users\eri\.m2\repository\org\aspectj\aspectjweaver\1.9.7\aspectjweaver-1.9.7.jar;C:\Users\eri\.m2\repository\org\springframework\boot\spring-boot-starter-jdbc\2.5.4\spring-boot-starter-jdbc-2.5.4.jar;C:\Users\eri\.m2\repository\com\zaxxer\HikariCP\4.0.3\HikariCP-4.0.3.jar;C:\Users\eri\.m2\repository\org\springframework\spring-jdbc\5.3.9\spring-jdbc-5.3.9.jar;C:\Users\eri\.m2\repository\jakarta\transaction\jakarta.transaction-api\1.3.3\jakarta.transaction-api-1.3.3.jar;C:\Users\eri\.m2\repository\jakarta\persistence\jakarta.persistence-api\2.2.3\jakarta.persistence-api-2.2.3.jar;C:\Users\eri\.m2\repository\org\hibernate\hibernate-core\5.4.32.Final\hibernate-core-5.4.32.Final.jar;C:\Users\eri\.m2\repository\org\jboss\logging\jboss-logging\3.4.2.Final\jboss-logging-3.4.2.Final.jar;C:\Users\eri\.m2\repository\org\javassist\javassist\3.27.0-GA\javassist-3.27.0-GA.jar;C:\Users\eri\.m2\repository\net\bytebuddy\byte-buddy\1.10.22\byte-buddy-1.10.22.jar;C:\Users\eri\.m2\repository\antlr\antlr\2.7.7\antlr-2.7.7.jar;C:\Users\eri\.m2\repository\org\jboss\jandex\2.2.3.Final\jandex-2.2.3.Final.jar;C:\Users\eri\.m2\repository\com\fasterxml\classmate\1.5.1\classmate-1.5.1.jar;C:\Users\eri\.m2\repository\org\dom4j\dom4j\2.1.3\dom4j-2.1.3.jar;C:\Users\eri\.m2\repository\org\hibernate\common\hibernate-commons-annotations\5.1.2.Final\hibernate-commons-annotations-5.1.2.Final.jar;C:\Users\eri\.m2\repository\org\glassfish\jaxb\jaxb-runtime\2.3.5\jaxb-runtime-2.3.5.jar;C:\Users\eri\.m2\repository\org\glassfish\jaxb\txw2\2.3.5\txw2-2.3.5.jar;C:\Users\eri\.m2\repo
Launcher Type: SUN_STANDARD

[Global flags]
     intx CICompilerCount                          = 4                                         {product} {ergonomic}
     uint ConcGCThreads                            = 2                                         {product} {ergonomic}
     uint G1ConcRefinementThreads                  = 8                                         {product} {ergonomic}
   size_t G1HeapRegionSize                         = 2097152                                   {product} {ergonomic}
    uintx GCDrainStackTargetSize                   = 64                                        {product} {ergonomic}
   size_t InitialHeapSize                          = 199229440                                 {product} {ergonomic}
     bool ManagementServer                         = true                                      {product} {command line}
   size_t MarkStackSize                            = 4194304                                   {product} {ergonomic}
   size_t MaxHeapSize                              = 3183476736                                {product} {ergonomic}
   size_t MinHeapDeltaBytes                        = 2097152                                   {product} {ergonomic}
   size_t MinHeapSize                              = 8388608                                   {product} {ergonomic}
    uintx NonProfiledCodeHeapSize                  = 0                                      {pd product} {ergonomic}
     bool ProfileInterpreter                       = false                                  {pd product} {command line}
    uintx ProfiledCodeHeapSize                     = 0                                      {pd product} {ergonomic}
   size_t SoftMaxHeapSize                          = 3183476736                             {manageable} {ergonomic}
     intx TieredStopAtLevel                        = 1                                         {product} {command line}
     bool UseCompressedClassPointers               = true                           {product lp64_product} {ergonomic}
     bool UseCompressedOops                        = true                           {product lp64_product} {ergonomic}
     bool UseG1GC                                  = true                                      {product} {ergonomic}
     bool UseLargePagesIndividualAllocation        = false                                  {pd product} {ergonomic}

Logging:
Log output configuration:
 #0: stdout all=warning uptime,level,tags
 #1: stderr all=off uptime,level,tags

Environment Variables:
JAVA_HOME=C:\Program Files\Java\jdk-16.0.2
PATH=C:\Python310\Scripts\;C:\Python310\;C:\Python39\Scripts\;C:\Python39\;C:\Program Files\Common Files\Oracle\Java\javapath;C:\Windows\system32;C:\Windows;C:\Windows\System32\Wbem;C:\Windows\System32\WindowsPowerShell\v1.0\;C:\Windows\System32\OpenSSH\;C:\Program Files\Java\jdk-16.0.2\bin;C:\Program Files\Git\cmd;C:\ProgramData\chocolatey\bin;C:\xampp\php;C:\ProgramData\ComposerSetup\bin;C:\Program Files\nodejs\;C:\Program Files\Microsoft SQL Server\Client SDK\ODBC\170\Tools\Binn\;C:\Program Files (x86)\Microsoft SQL Server\150\Tools\Binn\;C:\Program Files\Microsoft SQL Server\150\Tools\Binn\;C:\Program Files\Microsoft SQL Server\150\DTS\Binn\;C:\Program Files (x86)\Microsoft SQL Server\150\DTS\Binn\;C:\Program Files\Azure Data Studio\bin;C:\Program Files\Docker\Docker\resources\bin;C:\Users\eri\AppData\Local\Microsoft\WindowsApps;C:\Users\eri\AppData\Local\Programs\Microsoft VS Code\bin;C:\Users\eri\AppData\Local\GitHubDesktop\bin;C:\Users\eri\AppData\Roaming\Composer\vendor\bin;C:\Users\eri\AppData\Roaming\npm;C:\Program Files\JetBrains\IntelliJ IDEA 2022.2.1\bin;;C:\Program Files\Azure Data Studio\bin;C:\Program Files\MongoDB\Server\6.0\bin;C:\mongosh-1.6.1\bin;
USERNAME=eri
OS=Windows_NT
PROCESSOR_IDENTIFIER=Intel64 Family 6 Model 142 Stepping 12, GenuineIntel
TMP=C:\Users\eri\AppData\Local\Temp
TEMP=C:\Users\eri\AppData\Local\Temp



---------------  S Y S T E M  ---------------

OS:
 Windows 10 , 64 bit Build 17763 (10.0.17763.1)
OS uptime: 0 days 0:34 hours
Hyper-V role detected

CPU: total 8 (initial active 8) (4 cores per cpu, 2 threads per core) family 6 model 142 stepping 12 microcode 0xb2, cx8, cmov, fxsr, ht, mmx, 3dnowpref, sse, sse2, sse3, ssse3, sse4.1, sse4.2, popcnt, lzcnt, tsc, tscinvbit, avx, avx2, aes, erms, clmul, bmi1, bmi2, adx, fma, vzeroupper, clflush, clflushopt, hv

Memory: 4k page, system-wide physical 12136M (2224M free)
TotalPageFile size 12136M (AvailPageFile size 94M)
current process WorkingSet (physical memory assigned to process): 10M, peak: 10M
current process commit charge ("private bytes"): 55M, peak: 245M

vm_info: OpenJDK 64-Bit Server VM (17.0.5+8-LTS) for windows-amd64 JRE (17.0.5+8-LTS), built on Oct 13 2022 05:18:14 by "Administrator" with MS VC++ 15.9 (VS2017)

END.
